\BOOKMARK [0][-]{chapter.1}{Introdu\347\343o}{}% 1
\BOOKMARK [1][-]{section.1.1}{Tema}{chapter.1}% 2
\BOOKMARK [1][-]{section.1.2}{Delimita\347\343o}{chapter.1}% 3
\BOOKMARK [1][-]{section.1.3}{Justificativa}{chapter.1}% 4
\BOOKMARK [1][-]{section.1.4}{Objetivos}{chapter.1}% 5
\BOOKMARK [1][-]{section.1.5}{Metodologia}{chapter.1}% 6
\BOOKMARK [1][-]{section.1.6}{Descri\347\343o}{chapter.1}% 7
\BOOKMARK [0][-]{chapter.2}{Fundamenta\347\343o Te\363rica}{}% 8
\BOOKMARK [1][-]{section.2.1}{Mercado de Capitais, Bolsa de Valores e A\347\365es}{chapter.2}% 9
\BOOKMARK [2][-]{subsection.2.1.1}{Hip\363tese do Mercado Eficiente}{section.2.1}% 10
\BOOKMARK [2][-]{subsection.2.1.2}{\315ndice de Bolsa de Valores}{section.2.1}% 11
\BOOKMARK [2][-]{subsection.2.1.3}{Mercado Fracion\341rio}{section.2.1}% 12
\BOOKMARK [1][-]{section.2.2}{Tipos de An\341lises}{chapter.2}% 13
\BOOKMARK [2][-]{subsection.2.2.1}{An\341lise Fundamentalista}{section.2.2}% 14
\BOOKMARK [2][-]{subsection.2.2.2}{An\341lise T\351cnica}{section.2.2}% 15
\BOOKMARK [1][-]{section.2.3}{Aprendizado de M\341quina}{chapter.2}% 16
\BOOKMARK [2][-]{subsection.2.3.1}{Aprendizado Supervisionado}{section.2.3}% 17
\BOOKMARK [2][-]{subsection.2.3.2}{Problema de Regress\343o}{section.2.3}% 18
\BOOKMARK [2][-]{subsection.2.3.3}{Problema de Classifica\347\343o}{section.2.3}% 19
\BOOKMARK [2][-]{subsection.2.3.4}{Algoritmos de Aprendizado Supervisionado}{section.2.3}% 20
\BOOKMARK [1][-]{section.2.4}{Considera\347\365es para An\341lise de Resultados}{chapter.2}% 21
\BOOKMARK [2][-]{subsection.2.4.1}{\315ndice de Sharpe}{section.2.4}% 22
\BOOKMARK [2][-]{subsection.2.4.2}{\315ndice de Sortino}{section.2.4}% 23
\BOOKMARK [2][-]{subsection.2.4.3}{Correla\347\343o de Spearman}{section.2.4}% 24
\BOOKMARK [1][-]{section.2.5}{Trabalhos Relacionados}{chapter.2}% 25
\BOOKMARK [2][-]{subsection.2.5.1}{Modelos Baseados em Indicadores T\351cnicos}{section.2.5}% 26
\BOOKMARK [2][-]{subsection.2.5.2}{Modelos Baseados em Processos Estoc\341sticos}{section.2.5}% 27
\BOOKMARK [2][-]{subsection.2.5.3}{Modelos Baseados em Aprendizado de M\341quina}{section.2.5}% 28
\BOOKMARK [0][-]{chapter.3}{Metodologia}{}% 29
\BOOKMARK [1][-]{section.3.1}{Resumo}{chapter.3}% 30
\BOOKMARK [1][-]{section.3.2}{Pr\351-Processamento}{chapter.3}% 31
\BOOKMARK [2][-]{subsection.3.2.1}{Arquivo de Configura\347\343o}{section.3.2}% 32
\BOOKMARK [2][-]{subsection.3.2.2}{Coleta de Dados}{section.3.2}% 33
\BOOKMARK [2][-]{subsection.3.2.3}{Armazenamento de Dados}{section.3.2}% 34
\BOOKMARK [2][-]{subsection.3.2.4}{Gera\347\343o de Features de Uso Geral}{section.3.2}% 35
\BOOKMARK [1][-]{section.3.3}{Simula\347\343o de Estrat\351gia}{chapter.3}% 36
\BOOKMARK [2][-]{subsection.3.3.1}{Estrutura}{section.3.3}% 37
\BOOKMARK [2][-]{subsection.3.3.2}{Premissas}{section.3.3}% 38
\BOOKMARK [2][-]{subsection.3.3.3}{Per\355odo M\341ximo de Dias por Opera\347\343o}{section.3.3}% 39
\BOOKMARK [2][-]{subsection.3.3.4}{Gerenciamento de Risco}{section.3.3}% 40
\BOOKMARK [2][-]{subsection.3.3.5}{Risco de Entrada por Opera\347\343o}{section.3.3}% 41
\BOOKMARK [2][-]{subsection.3.3.6}{Descanso por Tend\352ncia de Baixa}{section.3.3}% 42
\BOOKMARK [2][-]{subsection.3.3.7}{Descanso por Identifica\347\343o de Crises}{section.3.3}% 43
\BOOKMARK [2][-]{subsection.3.3.8}{Lista de Par\342metros de Configura\347\343o}{section.3.3}% 44
\BOOKMARK [2][-]{subsection.3.3.9}{Ensaios Paralelos}{section.3.3}% 45
\BOOKMARK [1][-]{section.3.4}{Otimiza\347\365es de Gerenciamento de Carteira}{chapter.3}% 46
\BOOKMARK [2][-]{subsection.3.4.1}{Normaliza\347\343o por Frequ\352ncia de Opera\347\365es}{section.3.4}% 47
\BOOKMARK [2][-]{subsection.3.4.2}{Compensa\347\343o por Lucratividade}{section.3.4}% 48
\BOOKMARK [2][-]{subsection.3.4.3}{Controle Proporcional para Uso de Capital}{section.3.4}% 49
\BOOKMARK [1][-]{section.3.5}{Cria\347\343o de Modelos}{chapter.3}% 50
\BOOKMARK [2][-]{subsection.3.5.1}{Resumo}{section.3.5}% 51
\BOOKMARK [2][-]{subsection.3.5.2}{Feature Selection}{section.3.5}% 52
\BOOKMARK [2][-]{subsection.3.5.3}{Gera\347\343o de Datasets}{section.3.5}% 53
\BOOKMARK [2][-]{subsection.3.5.4}{Walk Forward Optimization}{section.3.5}% 54
\BOOKMARK [2][-]{subsection.3.5.5}{Crit\351rios de Escolha}{section.3.5}% 55
\BOOKMARK [1][-]{section.3.6}{An\341lise de Resultados}{chapter.3}% 56
\BOOKMARK [0][-]{chapter.4}{Conclus\343o}{}% 57
\BOOKMARK [0][-]{chapter.4}{Bibliografia}{}% 58
