This is pdfTeX, Version 3.14159265-2.6-1.40.21 (TeX Live 2020) (preloaded format=pdflatex 2020.6.14)  15 OCT 2022 03:02
entering extended mode
 restricted \write18 enabled.
 file:line:error style messages enabled.
 %&-line parsing enabled.
**/Users/atcha/Github/Monografia/Principal.tex
(/Users/atcha/Github/Monografia/Principal.tex
LaTeX2e <2020-02-02> patch level 5
L3 programming layer <2020-03-06> (/usr/local/texlive/2020/texmf-dist/tex/latex/base/book.cls
Document Class: book 2019/12/20 v1.4l Standard LaTeX document class
(/usr/local/texlive/2020/texmf-dist/tex/latex/base/bk12.clo
File: bk12.clo 2019/12/20 v1.4l Standard LaTeX file (size option)
)
\c@part=\count167
\c@chapter=\count168
\c@section=\count169
\c@subsection=\count170
\c@subsubsection=\count171
\c@paragraph=\count172
\c@subparagraph=\count173
\c@figure=\count174
\c@table=\count175
\abovecaptionskip=\skip47
\belowcaptionskip=\skip48
\bibindent=\dimen134
) (/Users/atcha/Github/Monografia/TesePack.tex (/usr/local/texlive/2020/texmf-dist/tex/latex/tools/layout.sty
Package: layout 2014/10/28 v1.2c Show layout parameters
\oneinch=\count176
\cnt@paperwidth=\count177
\cnt@paperheight=\count178
\cnt@hoffset=\count179
\cnt@voffset=\count180
\cnt@textheight=\count181
\cnt@textwidth=\count182
\cnt@topmargin=\count183
\cnt@oddsidemargin=\count184
\cnt@evensidemargin=\count185
\cnt@headheight=\count186
\cnt@headsep=\count187
\cnt@marginparsep=\count188
\cnt@marginparwidth=\count189
\cnt@marginparpush=\count190
\cnt@footskip=\count191
\fheight=\count192
\ref@top=\count193
\ref@hoffset=\count194
\ref@voffset=\count195
\ref@head=\count196
\ref@body=\count197
\ref@foot=\count198
\ref@margin=\count199
\ref@marginwidth=\count266
\ref@marginpar=\count267
\Interval=\count268
\ExtraYPos=\count269
\PositionX=\count270
\PositionY=\count271
\ArrowLength=\count272
) (/usr/local/texlive/2020/texmf-dist/tex/generic/babel/babel.sty
Package: babel 2020/03/22 3.42 The Babel package
 (/usr/local/texlive/2020/texmf-dist/tex/generic/babel/switch.def
File: switch.def 2020/03/22 3.42 Babel switching mechanism
) (/usr/local/texlive/2020/texmf-dist/tex/generic/babel-english/english.ldf
Language: english 2017/06/06 v3.3r English support from the babel system
 (/usr/local/texlive/2020/texmf-dist/tex/generic/babel/babel.def
File: babel.def 2020/03/22 3.42 Babel common definitions
\babel@savecnt=\count273
\U@D=\dimen135
 (/usr/local/texlive/2020/texmf-dist/tex/generic/babel/txtbabel.def)
\bbl@readstream=\read2
\bbl@dirlevel=\count274
)
Package babel Info: \l@canadian = using hyphenrules for english
(babel)             (\language0) on input line 102.
Package babel Info: \l@australian = using hyphenrules for ukenglish
(babel)             (\language21) on input line 105.
Package babel Info: \l@newzealand = using hyphenrules for ukenglish
(babel)             (\language21) on input line 108.
) (/usr/local/texlive/2020/texmf-dist/tex/generic/babel-portuges/portuges.ldf
Language: portuges 2008/03/18 v1.2q Portuguese support from the babel system
Package babel Info: \l@brazil = using hyphenrules for portuguese
(babel)             (\language69) on input line 113.
Package babel Info: Making " an active character on input line 145.
)) (/Users/atcha/Github/Monografia/pagina.sty) (/Users/atcha/Github/Monografia/indentfirst.sty
Package: indentfirst 1994/05/23 v1.02 Indent first paragraph (DPC)
) (/usr/local/texlive/2020/texmf-dist/tex/latex/base/inputenc.sty
Package: inputenc 2018/08/11 v1.3c Input encoding file
\inpenc@prehook=\toks15
\inpenc@posthook=\toks16
) (/usr/local/texlive/2020/texmf-dist/tex/latex/graphics/graphics.sty
Package: graphics 2019/11/30 v1.4a Standard LaTeX Graphics (DPC,SPQR)
 (/usr/local/texlive/2020/texmf-dist/tex/latex/graphics/trig.sty
Package: trig 2016/01/03 v1.10 sin cos tan (DPC)
) (/usr/local/texlive/2020/texmf-dist/tex/latex/graphics-cfg/graphics.cfg
File: graphics.cfg 2016/06/04 v1.11 sample graphics configuration
)
Package graphics Info: Driver file: pdftex.def on input line 105.
 (/usr/local/texlive/2020/texmf-dist/tex/latex/graphics-def/pdftex.def
File: pdftex.def 2018/01/08 v1.0l Graphics/color driver for pdftex
)) (/usr/local/texlive/2020/texmf-dist/tex/latex/graphics/epsfig.sty
Package: epsfig 2017/06/25 v1.7b (e)psfig emulation (SPQR)
 (/usr/local/texlive/2020/texmf-dist/tex/latex/graphics/graphicx.sty
Package: graphicx 2019/11/30 v1.2a Enhanced LaTeX Graphics (DPC,SPQR)
 (/usr/local/texlive/2020/texmf-dist/tex/latex/graphics/keyval.sty
Package: keyval 2014/10/28 v1.15 key=value parser (DPC)
\KV@toks@=\toks17
)
\Gin@req@height=\dimen136
\Gin@req@width=\dimen137
)
\epsfxsize=\dimen138
\epsfysize=\dimen139
) (/usr/local/texlive/2020/texmf-dist/tex/latex/pstricks/pstricks.sty
Package: pstricks 2018/12/21 v0.69 LaTeX wrapper for `PSTricks' (RN,HV)
 (/usr/local/texlive/2020/texmf-dist/tex/generic/iftex/iftex.sty
Package: iftex 2020/03/06 v1.0d TeX engine tests
) (/usr/local/texlive/2020/texmf-dist/tex/latex/tools/shellesc.sty
Package: shellesc 2019/11/08 v1.0c unified shell escape interface for LaTeX
Package shellesc Info: Restricted shell escape enabled on input line 77.
) (/usr/local/texlive/2020/texmf-dist/tex/latex/xcolor/xcolor.sty
Package: xcolor 2016/05/11 v2.12 LaTeX color extensions (UK)
 (/usr/local/texlive/2020/texmf-dist/tex/latex/graphics-cfg/color.cfg
File: color.cfg 2016/01/02 v1.6 sample color configuration
)
Package xcolor Info: Driver file: pdftex.def on input line 225.
Package xcolor Info: Model `cmy' substituted by `cmy0' on input line 1348.
Package xcolor Info: Model `hsb' substituted by `rgb' on input line 1352.
Package xcolor Info: Model `RGB' extended on input line 1364.
Package xcolor Info: Model `HTML' substituted by `rgb' on input line 1366.
Package xcolor Info: Model `Hsb' substituted by `hsb' on input line 1367.
Package xcolor Info: Model `tHsb' substituted by `hsb' on input line 1368.
Package xcolor Info: Model `HSB' substituted by `hsb' on input line 1369.
Package xcolor Info: Model `Gray' substituted by `gray' on input line 1370.
Package xcolor Info: Model `wave' substituted by `hsb' on input line 1371.
) (/usr/local/texlive/2020/texmf-dist/tex/generic/xkeyval/pst-xkey.tex
File: pst-xkey.tex 2005/11/25 v1.6 PSTricks specialization of xkeyval (HA)
 (/usr/local/texlive/2020/texmf-dist/tex/latex/xkeyval/xkeyval.sty
Package: xkeyval 2014/12/03 v2.7a package option processing (HA)
 (/usr/local/texlive/2020/texmf-dist/tex/generic/xkeyval/xkeyval.tex (/usr/local/texlive/2020/texmf-dist/tex/generic/xkeyval/xkvutils.tex
\XKV@toks=\toks18
\XKV@tempa@toks=\toks19
)
\XKV@depth=\count275
File: xkeyval.tex 2014/12/03 v2.7a key=value parser (HA)
))) (/usr/local/texlive/2020/texmf-dist/tex/generic/pstricks/pstricks.tex (/usr/local/texlive/2020/texmf-dist/tex/generic/pstricks/pst-fp.tex `pst-fp' v0.05, 2010/01/17 (hv)
\pstFP@xs=\count276
\pstFP@xia=\count277
\pstFP@xib=\count278
\pstFP@xfa=\count279
\pstFP@xfb=\count280
\pstFP@rega=\count281
\pstFP@regb=\count282
\pstFP@regs=\count283
\pstFP@times=\count284
) (/usr/local/texlive/2020/texmf-dist/tex/generic/pgf/utilities/pgfutil-common.tex
\pgfutil@everybye=\toks20
\pgfutil@tempdima=\dimen140
\pgfutil@tempdimb=\dimen141
 (/usr/local/texlive/2020/texmf-dist/tex/generic/pgf/utilities/pgfutil-common-lists.tex)) (/usr/local/texlive/2020/texmf-dist/tex/generic/pgf/utilities/pgfkeys.code.tex
\pgfkeys@pathtoks=\toks21
\pgfkeys@temptoks=\toks22
 (/usr/local/texlive/2020/texmf-dist/tex/generic/pgf/utilities/pgfkeysfiltered.code.tex
\pgfkeys@tmptoks=\toks23
)) (/usr/local/texlive/2020/texmf-dist/tex/generic/pgf/utilities/pgffor.code.tex
Loading pgffor.code.tex
(/usr/local/texlive/2020/texmf-dist/tex/generic/pgf/math/pgfmath.code.tex (/usr/local/texlive/2020/texmf-dist/tex/generic/pgf/math/pgfmathcalc.code.tex (/usr/local/texlive/2020/texmf-dist/tex/generic/pgf/math/pgfmathutil.code.tex
\pgf@x=\dimen142
\pgf@xa=\dimen143
\pgf@xb=\dimen144
\pgf@xc=\dimen145
\pgf@y=\dimen146
\pgf@ya=\dimen147
\pgf@yb=\dimen148
\pgf@yc=\dimen149
\c@pgf@counta=\count285
\c@pgf@countb=\count286
\c@pgf@countc=\count287
\c@pgf@countd=\count288
\pgfutil@tempcnta=\count289
\pgfutil@tempcntb=\count290
) (/usr/local/texlive/2020/texmf-dist/tex/generic/pgf/math/pgfmathparser.code.tex
\pgfmath@dimen=\dimen150
\pgfmath@count=\count291
\pgfmath@box=\box45
\pgfmath@toks=\toks24
\pgfmath@stack@operand=\toks25
\pgfmath@stack@operation=\toks26
) (/usr/local/texlive/2020/texmf-dist/tex/generic/pgf/math/pgfmathfunctions.code.tex (/usr/local/texlive/2020/texmf-dist/tex/generic/pgf/math/pgfmathfunctions.basic.code.tex) (/usr/local/texlive/2020/texmf-dist/tex/generic/pgf/math/pgfmathfunctions.trigonometric.code.tex) (/usr/local/texlive/2020/texmf-dist/tex/generic/pgf/math/pgfmathfunctions.random.code.tex) (/usr/local/texlive/2020/texmf-dist/tex/generic/pgf/math/pgfmathfunctions.comparison.code.tex) (/usr/local/texlive/2020/texmf-dist/tex/generic/pgf/math/pgfmathfunctions.base.code.tex) (/usr/local/texlive/2020/texmf-dist/tex/generic/pgf/math/pgfmathfunctions.round.code.tex) (/usr/local/texlive/2020/texmf-dist/tex/generic/pgf/math/pgfmathfunctions.misc.code.tex) (/usr/local/texlive/2020/texmf-dist/tex/generic/pgf/math/pgfmathfunctions.integerarithmetics.code.tex))) (/usr/local/texlive/2020/texmf-dist/tex/generic/pgf/math/pgfmathfloat.code.tex
\c@pgfmathroundto@lastzeros=\count292
))
\pgffor@iter=\dimen151
\pgffor@skip=\dimen152
\pgffor@stack=\toks27
\pgffor@toks=\toks28
)
\psLoopIndex=\count293

`PSTricks' v2.97  <2019/05/11> (tvz,hv)
\pst@dima=\dimen153
\pst@dimb=\dimen154
\pst@dimc=\dimen155
\pst@dimd=\dimen156
\pst@dimg=\dimen157
\pst@dimh=\dimen158
\pst@dimm=\dimen159
\pst@dimn=\dimen160
\pst@dimo=\dimen161
\pst@dimp=\dimen162
\pst@hbox=\box46
\pst@ibox=\box47
\pst@boxg=\box48
\pst@cnta=\count294
\pst@cntb=\count295
\pst@cntc=\count296
\pst@cntd=\count297
\pst@cntg=\count298
\pst@cnth=\count299
\pst@cntm=\count300
\pst@cntn=\count301
\pst@cnto=\count302
\pst@cntp=\count303
\@zero=\count304
\pst@toks=\toks29
(/usr/local/texlive/2020/texmf-dist/tex/generic/pstricks/pstricks.con)
\psunit=\dimen163
\psxunit=\dimen164
\psyunit=\dimen165
\pst@C@@rType=\count305
\pslinewidth=\dimen166
\psk@startLW=\dimen167
\psk@endLW=\dimen168
\pst@customdefs=\toks30
\pslinearc=\dimen169
\pst@symbolStep=\dimen170
\pst@symbolWidth=\dimen171
\pst@symbolLinewidth=\dimen172
\everypsbox=\toks31
\psframesep=\dimen173
\pslabelsep=\dimen174
\sh@wgridXunit=\dimen175
\sh@wgridYunit=\dimen176
\pst@shift=\dimen177
)
File: pstricks.tex 2019/05/11 v2.97 `PSTricks' (tvz,hv)
 (/usr/local/texlive/2020/texmf-dist/tex/generic/pstricks/pst-fp.tex)
File: pst-fp.tex 2019/05/11 v2.97 `PST-fp' (hv)
) (/usr/local/texlive/2020/texmf-dist/tex/latex/pst-node/pst-node.sty
Package: pst-node 2012/09/18 v1.01 LaTeX wrapper for `pst-node' (HV)
Package: pst-node 2010/04/22 package wrapper for pst-node.tex
 (/usr/local/texlive/2020/texmf-dist/tex/generic/pst-node/pst-node.tex  v1.42, 2019/03/03
\psrow=\count306
\pscol=\count307
\psmatrixcnt=\count308
\psrowsep=\skip49
\pscolsep=\skip50
\pst@args=\count309
\num@pts=\count310
\pst@argcnt=\count311
)
File: pst-node.tex 2019/03/03 1.42 `pst-node' (tvz,hv)
) (/usr/local/texlive/2020/texmf-dist/tex/latex/pst-tree/pst-tree.sty
Package: pst-tree 2009/01/25 package wrapper for pst-tree.tex
 (/usr/local/texlive/2020/texmf-dist/tex/generic/pst-tree/pst-tree.tex  v1.13, 2017/02/18(tvz,dg,hv)
\pstree@rootbox=\box49
\pstree@box=\box50
\psnodecnt=\count312
\pstreelevel=\count313
\pstreecnt=\count314
\pstree@cnt=\count315
\pstree@stop=\count316
)
File: pst-tree.tex 2017/02/18 1.13 `pst-tree' (tvz,hv)
) (/usr/local/texlive/2020/texmf-dist/tex/latex/base/alltt.sty
Package: alltt 1997/06/16 v2.0g defines alltt environment
) (/Users/atcha/Github/Monografia/rotating.sty
Package: rotating 94/04/15 2 SPQR

Style option: rotating 2 <94/04/15> (SPQR / LMB)
) (/usr/local/texlive/2020/texmf-dist/tex/latex/tools/enumerate.sty
Package: enumerate 2015/07/23 v3.00 enumerate extensions (DPC)
\@enLab=\toks32
) (/usr/local/texlive/2020/texmf-dist/tex/latex/amsmath/amsmath.sty
Package: amsmath 2020/01/20 v2.17e AMS math features
\@mathmargin=\skip51

For additional information on amsmath, use the `?' option.
(/usr/local/texlive/2020/texmf-dist/tex/latex/amsmath/amstext.sty
Package: amstext 2000/06/29 v2.01 AMS text
 (/usr/local/texlive/2020/texmf-dist/tex/latex/amsmath/amsgen.sty
File: amsgen.sty 1999/11/30 v2.0 generic functions
\@emptytoks=\toks33
\ex@=\dimen178
)) (/usr/local/texlive/2020/texmf-dist/tex/latex/amsmath/amsbsy.sty
Package: amsbsy 1999/11/29 v1.2d Bold Symbols
\pmbraise@=\dimen179
) (/usr/local/texlive/2020/texmf-dist/tex/latex/amsmath/amsopn.sty
Package: amsopn 2016/03/08 v2.02 operator names
)
\inf@bad=\count317
LaTeX Info: Redefining \frac on input line 227.
\uproot@=\count318
\leftroot@=\count319
LaTeX Info: Redefining \overline on input line 389.
\classnum@=\count320
\DOTSCASE@=\count321
LaTeX Info: Redefining \ldots on input line 486.
LaTeX Info: Redefining \dots on input line 489.
LaTeX Info: Redefining \cdots on input line 610.
\Mathstrutbox@=\box51
\strutbox@=\box52
\big@size=\dimen180
LaTeX Font Info:    Redeclaring font encoding OML on input line 733.
LaTeX Font Info:    Redeclaring font encoding OMS on input line 734.
\macc@depth=\count322
\c@MaxMatrixCols=\count323
\dotsspace@=\muskip16
\c@parentequation=\count324
\dspbrk@lvl=\count325
\tag@help=\toks34
\row@=\count326
\column@=\count327
\maxfields@=\count328
\andhelp@=\toks35
\eqnshift@=\dimen181
\alignsep@=\dimen182
\tagshift@=\dimen183
\tagwidth@=\dimen184
\totwidth@=\dimen185
\lineht@=\dimen186
\@envbody=\toks36
\multlinegap=\skip52
\multlinetaggap=\skip53
\mathdisplay@stack=\toks37
LaTeX Info: Redefining \[ on input line 2859.
LaTeX Info: Redefining \] on input line 2860.
) (/usr/local/texlive/2020/texmf-dist/tex/latex/amsfonts/amssymb.sty
Package: amssymb 2013/01/14 v3.01 AMS font symbols
 (/usr/local/texlive/2020/texmf-dist/tex/latex/amsfonts/amsfonts.sty
Package: amsfonts 2013/01/14 v3.01 Basic AMSFonts support
\symAMSa=\mathgroup4
\symAMSb=\mathgroup5
LaTeX Font Info:    Redeclaring math symbol \hbar on input line 98.
LaTeX Font Info:    Overwriting math alphabet `\mathfrak' in version `bold'
(Font)                  U/euf/m/n --> U/euf/b/n on input line 106.
)) (/Users/atcha/Github/Monografia/portland.sty
\paperheight=\dimen187
\phoffset=\dimen188
\pvoffset=\dimen189
\ptextwidth=\dimen190
\ptextheight=\dimen191
\ptopmargin=\dimen192
\poddsidemargin=\dimen193
\pevensidemargin=\dimen194
\lhoffset=\dimen195
\lvoffset=\dimen196
\ltextwidth=\dimen197
\ltextheight=\dimen198
\ltopmargin=\dimen199
\loddsidemargin=\dimen256
\levensidemargin=\dimen257
) (/usr/local/texlive/2020/texmf-dist/tex/latex/multirow/multirow.sty
Package: multirow 2019/05/31 v2.5 Span multiple rows of a table
\multirow@colwidth=\skip54
\multirow@cntb=\count329
\multirow@dima=\skip55
\bigstrutjot=\dimen258
)) (/usr/local/texlive/2020/texmf-dist/tex/latex/tools/longtable.sty
Package: longtable 2020/01/07 v4.13 Multi-page Table package (DPC)
\LTleft=\skip56
\LTright=\skip57
\LTpre=\skip58
\LTpost=\skip59
\LTchunksize=\count330
\LTcapwidth=\dimen259
\LT@head=\box53
\LT@firsthead=\box54
\LT@foot=\box55
\LT@lastfoot=\box56
\LT@cols=\count331
\LT@rows=\count332
\c@LT@tables=\count333
\c@LT@chunks=\count334
\LT@p@ftn=\toks38
) (/usr/local/texlive/2020/texmf-dist/tex/latex/hyperref/hyperref.sty
Package: hyperref 2020/01/14 v7.00d Hypertext links for LaTeX
 (/usr/local/texlive/2020/texmf-dist/tex/generic/ltxcmds/ltxcmds.sty
Package: ltxcmds 2019/12/15 v1.24 LaTeX kernel commands for general use (HO)
) (/usr/local/texlive/2020/texmf-dist/tex/latex/pdftexcmds/pdftexcmds.sty
Package: pdftexcmds 2019/11/24 v0.31 Utility functions of pdfTeX for LuaTeX (HO)
 (/usr/local/texlive/2020/texmf-dist/tex/generic/infwarerr/infwarerr.sty
Package: infwarerr 2019/12/03 v1.5 Providing info/warning/error messages (HO)
)
Package pdftexcmds Info: \pdf@primitive is available.
Package pdftexcmds Info: \pdf@ifprimitive is available.
Package pdftexcmds Info: \pdfdraftmode found.
) (/usr/local/texlive/2020/texmf-dist/tex/generic/kvsetkeys/kvsetkeys.sty
Package: kvsetkeys 2019/12/15 v1.18 Key value parser (HO)
) (/usr/local/texlive/2020/texmf-dist/tex/generic/kvdefinekeys/kvdefinekeys.sty
Package: kvdefinekeys 2019-12-19 v1.6 Define keys (HO)
) (/usr/local/texlive/2020/texmf-dist/tex/generic/pdfescape/pdfescape.sty
Package: pdfescape 2019/12/09 v1.15 Implements pdfTeX's escape features (HO)
) (/usr/local/texlive/2020/texmf-dist/tex/latex/hycolor/hycolor.sty
Package: hycolor 2020-01-27 v1.10 Color options for hyperref/bookmark (HO)
) (/usr/local/texlive/2020/texmf-dist/tex/latex/letltxmacro/letltxmacro.sty
Package: letltxmacro 2019/12/03 v1.6 Let assignment for LaTeX macros (HO)
) (/usr/local/texlive/2020/texmf-dist/tex/latex/auxhook/auxhook.sty
Package: auxhook 2019-12-17 v1.6 Hooks for auxiliary files (HO)


Package auxhook Warning: Cannot patch \document,
(auxhook)                using \AtBeginDocument instead.

) (/usr/local/texlive/2020/texmf-dist/tex/latex/kvoptions/kvoptions.sty
Package: kvoptions 2019/11/29 v3.13 Key value format for package options (HO)
)
\@linkdim=\dimen260
\Hy@linkcounter=\count335
\Hy@pagecounter=\count336
 (/usr/local/texlive/2020/texmf-dist/tex/latex/hyperref/pd1enc.def
File: pd1enc.def 2020/01/14 v7.00d Hyperref: PDFDocEncoding definition (HO)
Now handling font encoding PD1 ...
... no UTF-8 mapping file for font encoding PD1
) (/usr/local/texlive/2020/texmf-dist/tex/generic/intcalc/intcalc.sty
Package: intcalc 2019/12/15 v1.3 Expandable calculations with integers (HO)
) (/usr/local/texlive/2020/texmf-dist/tex/generic/etexcmds/etexcmds.sty
Package: etexcmds 2019/12/15 v1.7 Avoid name clashes with e-TeX commands (HO)
)
\Hy@SavedSpaceFactor=\count337
Package hyperref Info: Hyper figures OFF on input line 4547.
Package hyperref Info: Link nesting OFF on input line 4552.
Package hyperref Info: Hyper index ON on input line 4555.
Package hyperref Info: Plain pages OFF on input line 4562.
Package hyperref Info: Backreferencing OFF on input line 4567.
Package hyperref Info: Implicit mode ON; LaTeX internals redefined.
Package hyperref Info: Bookmarks ON on input line 4800.
\c@Hy@tempcnt=\count338
 (/usr/local/texlive/2020/texmf-dist/tex/latex/url/url.sty
\Urlmuskip=\muskip17
Package: url 2013/09/16  ver 3.4  Verb mode for urls, etc.
)
LaTeX Info: Redefining \url on input line 5159.
\XeTeXLinkMargin=\dimen261
 (/usr/local/texlive/2020/texmf-dist/tex/generic/bitset/bitset.sty
Package: bitset 2019/12/09 v1.3 Handle bit-vector datatype (HO)
 (/usr/local/texlive/2020/texmf-dist/tex/generic/bigintcalc/bigintcalc.sty
Package: bigintcalc 2019/12/15 v1.5 Expandable calculations on big integers (HO)
))
\Fld@menulength=\count339
\Field@Width=\dimen262
\Fld@charsize=\dimen263
Package hyperref Info: Hyper figures OFF on input line 6430.
Package hyperref Info: Link nesting OFF on input line 6435.
Package hyperref Info: Hyper index ON on input line 6438.
Package hyperref Info: backreferencing OFF on input line 6445.
Package hyperref Info: Link coloring OFF on input line 6450.
Package hyperref Info: Link coloring with OCG OFF on input line 6455.
Package hyperref Info: PDF/A mode OFF on input line 6460.
LaTeX Info: Redefining \ref on input line 6500.
LaTeX Info: Redefining \pageref on input line 6504.
 (/usr/local/texlive/2020/texmf-dist/tex/generic/atbegshi/atbegshi.sty
Package: atbegshi 2019/12/05 v1.19 At begin shipout hook (HO)
)
\Hy@abspage=\count340
\c@Item=\count341
\c@Hfootnote=\count342
)
Package hyperref Info: Driver (autodetected): hpdftex.
 (/usr/local/texlive/2020/texmf-dist/tex/latex/hyperref/hpdftex.def
File: hpdftex.def 2020/01/14 v7.00d Hyperref driver for pdfTeX
 (/usr/local/texlive/2020/texmf-dist/tex/latex/atveryend/atveryend.sty
Package: atveryend 2019-12-11 v1.11 Hooks at the very end of document (HO)
Package atveryend Info: \enddocument detected (standard20110627).
)
\Fld@listcount=\count343
\c@bookmark@seq@number=\count344
 (/usr/local/texlive/2020/texmf-dist/tex/latex/rerunfilecheck/rerunfilecheck.sty
Package: rerunfilecheck 2019/12/05 v1.9 Rerun checks for auxiliary files (HO)
 (/usr/local/texlive/2020/texmf-dist/tex/generic/uniquecounter/uniquecounter.sty
Package: uniquecounter 2019/12/15 v1.4 Provide unlimited unique counter (HO)
)
Package uniquecounter Info: New unique counter `rerunfilecheck' on input line 286.
)
\Hy@SectionHShift=\skip60
) (/usr/local/texlive/2020/texmf-dist/tex/latex/footmisc/footmisc.sty
Package: footmisc 2011/06/06 v5.5b a miscellany of footnote facilities
\FN@temptoken=\toks39
\footnotemargin=\dimen264
\c@pp@next@reset=\count345
Package footmisc Info: Declaring symbol style bringhurst on input line 855.
Package footmisc Info: Declaring symbol style chicago on input line 863.
Package footmisc Info: Declaring symbol style wiley on input line 872.
Package footmisc Info: Declaring symbol style lamport-robust on input line 883.
Package footmisc Info: Declaring symbol style lamport* on input line 903.
Package footmisc Info: Declaring symbol style lamport*-robust on input line 924.
) (/usr/local/texlive/2020/texmf-dist/tex/latex/tools/array.sty
Package: array 2019/08/31 v2.4l Tabular extension package (FMi)
\col@sep=\dimen265
\ar@mcellbox=\box57
\extrarowheight=\dimen266
\NC@list=\toks40
\extratabsurround=\skip61
\backup@length=\skip62
\ar@cellbox=\box58
) (/usr/local/texlive/2020/texmf-dist/tex/latex/listings/listings.sty
\lst@mode=\count346
\lst@gtempboxa=\box59
\lst@token=\toks41
\lst@length=\count347
\lst@currlwidth=\dimen267
\lst@column=\count348
\lst@pos=\count349
\lst@lostspace=\dimen268
\lst@width=\dimen269
\lst@newlines=\count350
\lst@lineno=\count351
\lst@maxwidth=\dimen270
 (/usr/local/texlive/2020/texmf-dist/tex/latex/listings/lstmisc.sty
File: lstmisc.sty 2020/03/24 1.8d (Carsten Heinz)
\c@lstnumber=\count352
\lst@skipnumbers=\count353
\lst@framebox=\box60
) (/usr/local/texlive/2020/texmf-dist/tex/latex/listings/listings.cfg
File: listings.cfg 2020/03/24 1.8d listings configuration
))
Package: listings 2020/03/24 1.8d (Carsten Heinz)
 (/usr/local/texlive/2020/texmf-dist/tex/generic/ulem/ulem.sty
\UL@box=\box61
\UL@hyphenbox=\box62
\UL@skip=\skip63
\UL@hook=\toks42
\UL@height=\dimen271
\UL@pe=\count354
\UL@pixel=\dimen272
\ULC@box=\box63
Package: ulem 2019/11/18
\ULdepth=\dimen273
) (/usr/local/texlive/2020/texmf-dist/tex/latex/pgfplots/pgfplots.sty (/usr/local/texlive/2020/texmf-dist/tex/generic/pgfplots/pgfplots.revision.tex)
Package: pgfplots 2020/02/29 v1.17 Data Visualization (1.17)
 (/usr/local/texlive/2020/texmf-dist/tex/latex/pgf/frontendlayer/tikz.sty (/usr/local/texlive/2020/texmf-dist/tex/latex/pgf/basiclayer/pgf.sty (/usr/local/texlive/2020/texmf-dist/tex/latex/pgf/utilities/pgfrcs.sty (/usr/local/texlive/2020/texmf-dist/tex/generic/pgf/utilities/pgfutil-common.tex
\pgfutil@everybye=\toks43
\pgfutil@tempdima=\dimen274
\pgfutil@tempdimb=\dimen275
 (/usr/local/texlive/2020/texmf-dist/tex/generic/pgf/utilities/pgfutil-common-lists.tex)) (/usr/local/texlive/2020/texmf-dist/tex/generic/pgf/utilities/pgfutil-latex.def
\pgfutil@abb=\box64
 (/usr/local/texlive/2020/texmf-dist/tex/latex/ms/everyshi.sty
Package: everyshi 2001/05/15 v3.00 EveryShipout Package (MS)
)) (/usr/local/texlive/2020/texmf-dist/tex/generic/pgf/utilities/pgfrcs.code.tex (/usr/local/texlive/2020/texmf-dist/tex/generic/pgf/pgf.revision.tex)
Package: pgfrcs 2020/01/08 v3.1.5b (3.1.5b)
))
Package: pgf 2020/01/08 v3.1.5b (3.1.5b)
 (/usr/local/texlive/2020/texmf-dist/tex/latex/pgf/basiclayer/pgfcore.sty (/usr/local/texlive/2020/texmf-dist/tex/latex/pgf/systemlayer/pgfsys.sty (/usr/local/texlive/2020/texmf-dist/tex/generic/pgf/systemlayer/pgfsys.code.tex
Package: pgfsys 2020/01/08 v3.1.5b (3.1.5b)
 (/usr/local/texlive/2020/texmf-dist/tex/generic/pgf/utilities/pgfkeys.code.tex)
\pgf@x=\dimen276
\pgf@y=\dimen277
\pgf@xa=\dimen278
\pgf@ya=\dimen279
\pgf@xb=\dimen280
\pgf@yb=\dimen281
\pgf@xc=\dimen282
\pgf@yc=\dimen283
\pgf@xd=\dimen284
\pgf@yd=\dimen285
\w@pgf@writea=\write3
\r@pgf@reada=\read3
\c@pgf@counta=\count355
\c@pgf@countb=\count356
\c@pgf@countc=\count357
\c@pgf@countd=\count358
\t@pgf@toka=\toks44
\t@pgf@tokb=\toks45
\t@pgf@tokc=\toks46
\pgf@sys@id@count=\count359
 (/usr/local/texlive/2020/texmf-dist/tex/generic/pgf/systemlayer/pgf.cfg
File: pgf.cfg 2020/01/08 v3.1.5b (3.1.5b)
)
Driver file for pgf: pgfsys-pdftex.def
 (/usr/local/texlive/2020/texmf-dist/tex/generic/pgf/systemlayer/pgfsys-pdftex.def
File: pgfsys-pdftex.def 2020/01/08 v3.1.5b (3.1.5b)
 (/usr/local/texlive/2020/texmf-dist/tex/generic/pgf/systemlayer/pgfsys-common-pdf.def
File: pgfsys-common-pdf.def 2020/01/08 v3.1.5b (3.1.5b)
))) (/usr/local/texlive/2020/texmf-dist/tex/generic/pgf/systemlayer/pgfsyssoftpath.code.tex
File: pgfsyssoftpath.code.tex 2020/01/08 v3.1.5b (3.1.5b)
\pgfsyssoftpath@smallbuffer@items=\count360
\pgfsyssoftpath@bigbuffer@items=\count361
) (/usr/local/texlive/2020/texmf-dist/tex/generic/pgf/systemlayer/pgfsysprotocol.code.tex
File: pgfsysprotocol.code.tex 2020/01/08 v3.1.5b (3.1.5b)
)) (/usr/local/texlive/2020/texmf-dist/tex/generic/pgf/basiclayer/pgfcore.code.tex
Package: pgfcore 2020/01/08 v3.1.5b (3.1.5b)
 (/usr/local/texlive/2020/texmf-dist/tex/generic/pgf/math/pgfmath.code.tex) (/usr/local/texlive/2020/texmf-dist/tex/generic/pgf/math/pgfint.code.tex) (/usr/local/texlive/2020/texmf-dist/tex/generic/pgf/basiclayer/pgfcorepoints.code.tex
File: pgfcorepoints.code.tex 2020/01/08 v3.1.5b (3.1.5b)
\pgf@picminx=\dimen286
\pgf@picmaxx=\dimen287
\pgf@picminy=\dimen288
\pgf@picmaxy=\dimen289
\pgf@pathminx=\dimen290
\pgf@pathmaxx=\dimen291
\pgf@pathminy=\dimen292
\pgf@pathmaxy=\dimen293
\pgf@xx=\dimen294
\pgf@xy=\dimen295
\pgf@yx=\dimen296
\pgf@yy=\dimen297
\pgf@zx=\dimen298
\pgf@zy=\dimen299
) (/usr/local/texlive/2020/texmf-dist/tex/generic/pgf/basiclayer/pgfcorepathconstruct.code.tex
File: pgfcorepathconstruct.code.tex 2020/01/08 v3.1.5b (3.1.5b)
\pgf@path@lastx=\dimen300
\pgf@path@lasty=\dimen301
) (/usr/local/texlive/2020/texmf-dist/tex/generic/pgf/basiclayer/pgfcorepathusage.code.tex
File: pgfcorepathusage.code.tex 2020/01/08 v3.1.5b (3.1.5b)
\pgf@shorten@end@additional=\dimen302
\pgf@shorten@start@additional=\dimen303
) (/usr/local/texlive/2020/texmf-dist/tex/generic/pgf/basiclayer/pgfcorescopes.code.tex
File: pgfcorescopes.code.tex 2020/01/08 v3.1.5b (3.1.5b)
\pgfpic=\box65
\pgf@hbox=\box66
\pgf@layerbox@main=\box67
\pgf@picture@serial@count=\count362
) (/usr/local/texlive/2020/texmf-dist/tex/generic/pgf/basiclayer/pgfcoregraphicstate.code.tex
File: pgfcoregraphicstate.code.tex 2020/01/08 v3.1.5b (3.1.5b)
\pgflinewidth=\dimen304
) (/usr/local/texlive/2020/texmf-dist/tex/generic/pgf/basiclayer/pgfcoretransformations.code.tex
File: pgfcoretransformations.code.tex 2020/01/08 v3.1.5b (3.1.5b)
\pgf@pt@x=\dimen305
\pgf@pt@y=\dimen306
\pgf@pt@temp=\dimen307
) (/usr/local/texlive/2020/texmf-dist/tex/generic/pgf/basiclayer/pgfcorequick.code.tex
File: pgfcorequick.code.tex 2020/01/08 v3.1.5b (3.1.5b)
) (/usr/local/texlive/2020/texmf-dist/tex/generic/pgf/basiclayer/pgfcoreobjects.code.tex
File: pgfcoreobjects.code.tex 2020/01/08 v3.1.5b (3.1.5b)
) (/usr/local/texlive/2020/texmf-dist/tex/generic/pgf/basiclayer/pgfcorepathprocessing.code.tex
File: pgfcorepathprocessing.code.tex 2020/01/08 v3.1.5b (3.1.5b)
) (/usr/local/texlive/2020/texmf-dist/tex/generic/pgf/basiclayer/pgfcorearrows.code.tex
File: pgfcorearrows.code.tex 2020/01/08 v3.1.5b (3.1.5b)
\pgfarrowsep=\dimen308
) (/usr/local/texlive/2020/texmf-dist/tex/generic/pgf/basiclayer/pgfcoreshade.code.tex
File: pgfcoreshade.code.tex 2020/01/08 v3.1.5b (3.1.5b)
\pgf@max=\dimen309
\pgf@sys@shading@range@num=\count363
\pgf@shadingcount=\count364
) (/usr/local/texlive/2020/texmf-dist/tex/generic/pgf/basiclayer/pgfcoreimage.code.tex
File: pgfcoreimage.code.tex 2020/01/08 v3.1.5b (3.1.5b)
 (/usr/local/texlive/2020/texmf-dist/tex/generic/pgf/basiclayer/pgfcoreexternal.code.tex
File: pgfcoreexternal.code.tex 2020/01/08 v3.1.5b (3.1.5b)
\pgfexternal@startupbox=\box68
)) (/usr/local/texlive/2020/texmf-dist/tex/generic/pgf/basiclayer/pgfcorelayers.code.tex
File: pgfcorelayers.code.tex 2020/01/08 v3.1.5b (3.1.5b)
) (/usr/local/texlive/2020/texmf-dist/tex/generic/pgf/basiclayer/pgfcoretransparency.code.tex
File: pgfcoretransparency.code.tex 2020/01/08 v3.1.5b (3.1.5b)
) (/usr/local/texlive/2020/texmf-dist/tex/generic/pgf/basiclayer/pgfcorepatterns.code.tex
File: pgfcorepatterns.code.tex 2020/01/08 v3.1.5b (3.1.5b)
) (/usr/local/texlive/2020/texmf-dist/tex/generic/pgf/basiclayer/pgfcorerdf.code.tex
File: pgfcorerdf.code.tex 2020/01/08 v3.1.5b (3.1.5b)
))) (/usr/local/texlive/2020/texmf-dist/tex/generic/pgf/modules/pgfmoduleshapes.code.tex
File: pgfmoduleshapes.code.tex 2020/01/08 v3.1.5b (3.1.5b)
\pgfnodeparttextbox=\box69
) (/usr/local/texlive/2020/texmf-dist/tex/generic/pgf/modules/pgfmoduleplot.code.tex
File: pgfmoduleplot.code.tex 2020/01/08 v3.1.5b (3.1.5b)
) (/usr/local/texlive/2020/texmf-dist/tex/latex/pgf/compatibility/pgfcomp-version-0-65.sty
Package: pgfcomp-version-0-65 2020/01/08 v3.1.5b (3.1.5b)
\pgf@nodesepstart=\dimen310
\pgf@nodesepend=\dimen311
) (/usr/local/texlive/2020/texmf-dist/tex/latex/pgf/compatibility/pgfcomp-version-1-18.sty
Package: pgfcomp-version-1-18 2020/01/08 v3.1.5b (3.1.5b)
)) (/usr/local/texlive/2020/texmf-dist/tex/latex/pgf/utilities/pgffor.sty (/usr/local/texlive/2020/texmf-dist/tex/latex/pgf/utilities/pgfkeys.sty (/usr/local/texlive/2020/texmf-dist/tex/generic/pgf/utilities/pgfkeys.code.tex)) (/usr/local/texlive/2020/texmf-dist/tex/latex/pgf/math/pgfmath.sty (/usr/local/texlive/2020/texmf-dist/tex/generic/pgf/math/pgfmath.code.tex)) (/usr/local/texlive/2020/texmf-dist/tex/generic/pgf/utilities/pgffor.code.tex
Package: pgffor 2020/01/08 v3.1.5b (3.1.5b)
 (/usr/local/texlive/2020/texmf-dist/tex/generic/pgf/math/pgfmath.code.tex)
\pgffor@iter=\dimen312
\pgffor@skip=\dimen313
\pgffor@stack=\toks47
\pgffor@toks=\toks48
)) (/usr/local/texlive/2020/texmf-dist/tex/generic/pgf/frontendlayer/tikz/tikz.code.tex
Package: tikz 2020/01/08 v3.1.5b (3.1.5b)
 (/usr/local/texlive/2020/texmf-dist/tex/generic/pgf/libraries/pgflibraryplothandlers.code.tex
File: pgflibraryplothandlers.code.tex 2020/01/08 v3.1.5b (3.1.5b)
\pgf@plot@mark@count=\count365
\pgfplotmarksize=\dimen314
)
\tikz@lastx=\dimen315
\tikz@lasty=\dimen316
\tikz@lastxsaved=\dimen317
\tikz@lastysaved=\dimen318
\tikz@lastmovetox=\dimen319
\tikz@lastmovetoy=\dimen320
\tikzleveldistance=\dimen321
\tikzsiblingdistance=\dimen322
\tikz@figbox=\box70
\tikz@figbox@bg=\box71
\tikz@tempbox=\box72
\tikz@tempbox@bg=\box73
\tikztreelevel=\count366
\tikznumberofchildren=\count367
\tikznumberofcurrentchild=\count368
\tikz@fig@count=\count369
 (/usr/local/texlive/2020/texmf-dist/tex/generic/pgf/modules/pgfmodulematrix.code.tex
File: pgfmodulematrix.code.tex 2020/01/08 v3.1.5b (3.1.5b)
\pgfmatrixcurrentrow=\count370
\pgfmatrixcurrentcolumn=\count371
\pgf@matrix@numberofcolumns=\count372
)
\tikz@expandcount=\count373
 (/usr/local/texlive/2020/texmf-dist/tex/generic/pgf/frontendlayer/tikz/libraries/tikzlibrarytopaths.code.tex
File: tikzlibrarytopaths.code.tex 2020/01/08 v3.1.5b (3.1.5b)
))) (/usr/local/texlive/2020/texmf-dist/tex/generic/pgfplots/pgfplots.code.tex (/usr/local/texlive/2020/texmf-dist/tex/generic/pgfplots/pgfplotscore.code.tex
\t@pgfplots@toka=\toks49
\t@pgfplots@tokb=\toks50
\t@pgfplots@tokc=\toks51
\pgfplots@tmpa=\dimen323
\c@pgfplots@coordindex=\count374
\c@pgfplots@scanlineindex=\count375
 (/usr/local/texlive/2020/texmf-dist/tex/generic/pgfplots/sys/pgfplotssysgeneric.code.tex)) (/usr/local/texlive/2020/texmf-dist/tex/generic/pgfplots/libs/pgfplotslibrary.code.tex) (/usr/local/texlive/2020/texmf-dist/tex/generic/pgfplots/oldpgfcompatib/pgfplotsoldpgfsupp_loader.code.tex (/usr/local/texlive/2020/texmf-dist/tex/generic/pgf/libraries/pgflibraryfpu.code.tex)) (/usr/local/texlive/2020/texmf-dist/tex/generic/pgfplots/util/pgfplotsutil.code.tex (/usr/local/texlive/2020/texmf-dist/tex/generic/pgfplots/liststructure/pgfplotsliststructure.code.tex) (/usr/local/texlive/2020/texmf-dist/tex/generic/pgfplots/liststructure/pgfplotsliststructureext.code.tex) (/usr/local/texlive/2020/texmf-dist/tex/generic/pgfplots/liststructure/pgfplotsarray.code.tex
\c@pgfplotsarray@tmp=\count376
) (/usr/local/texlive/2020/texmf-dist/tex/generic/pgfplots/liststructure/pgfplotsmatrix.code.tex) (/usr/local/texlive/2020/texmf-dist/tex/generic/pgfplots/numtable/pgfplotstableshared.code.tex
\c@pgfplotstable@counta=\count377
\t@pgfplotstable@a=\toks52
) (/usr/local/texlive/2020/texmf-dist/tex/generic/pgfplots/liststructure/pgfplotsdeque.code.tex) (/usr/local/texlive/2020/texmf-dist/tex/generic/pgfplots/util/pgfplotsbinary.code.tex (/usr/local/texlive/2020/texmf-dist/tex/generic/pgfplots/util/pgfplotsbinary.data.code.tex)) (/usr/local/texlive/2020/texmf-dist/tex/generic/pgfplots/util/pgfplotsutil.verb.code.tex) (/usr/local/texlive/2020/texmf-dist/tex/generic/pgfplots/libs/pgflibrarypgfplots.surfshading.code.tex
\c@pgfplotslibrarysurf@no=\count378
 (/usr/local/texlive/2020/texmf-dist/tex/generic/pgfplots/sys/pgflibrarypgfplots.surfshading.pgfsys-pdftex.def))) (/usr/local/texlive/2020/texmf-dist/tex/generic/pgfplots/util/pgfplotscolormap.code.tex (/usr/local/texlive/2020/texmf-dist/tex/generic/pgfplots/util/pgfplotscolor.code.tex)) (/usr/local/texlive/2020/texmf-dist/tex/generic/pgfplots/pgfplotsstackedplots.code.tex) (/usr/local/texlive/2020/texmf-dist/tex/generic/pgfplots/pgfplotsplothandlers.code.tex (/usr/local/texlive/2020/texmf-dist/tex/generic/pgfplots/pgfplotsmeshplothandler.code.tex (/usr/local/texlive/2020/texmf-dist/tex/generic/pgfplots/pgfplotsmeshplotimage.code.tex))) (/usr/local/texlive/2020/texmf-dist/tex/generic/pgfplots/pgfplots.scaling.code.tex) (/usr/local/texlive/2020/texmf-dist/tex/generic/pgfplots/pgfplotscoordprocessing.code.tex) (/usr/local/texlive/2020/texmf-dist/tex/generic/pgfplots/pgfplots.errorbars.code.tex) (/usr/local/texlive/2020/texmf-dist/tex/generic/pgfplots/pgfplots.markers.code.tex) (/usr/local/texlive/2020/texmf-dist/tex/generic/pgfplots/pgfplotsticks.code.tex) (/usr/local/texlive/2020/texmf-dist/tex/generic/pgfplots/pgfplots.paths.code.tex) (/usr/local/texlive/2020/texmf-dist/tex/generic/pgf/frontendlayer/tikz/libraries/tikzlibrarydecorations.code.tex (/usr/local/texlive/2020/texmf-dist/tex/generic/pgf/modules/pgfmoduledecorations.code.tex
\pgfdecoratedcompleteddistance=\dimen324
\pgfdecoratedremainingdistance=\dimen325
\pgfdecoratedinputsegmentcompleteddistance=\dimen326
\pgfdecoratedinputsegmentremainingdistance=\dimen327
\pgf@decorate@distancetomove=\dimen328
\pgf@decorate@repeatstate=\count379
\pgfdecorationsegmentamplitude=\dimen329
\pgfdecorationsegmentlength=\dimen330
)
\tikz@lib@dec@box=\box74
) (/usr/local/texlive/2020/texmf-dist/tex/generic/pgf/frontendlayer/tikz/libraries/tikzlibrarydecorations.pathmorphing.code.tex (/usr/local/texlive/2020/texmf-dist/tex/generic/pgf/libraries/decorations/pgflibrarydecorations.pathmorphing.code.tex)) (/usr/local/texlive/2020/texmf-dist/tex/generic/pgf/frontendlayer/tikz/libraries/tikzlibrarydecorations.pathreplacing.code.tex (/usr/local/texlive/2020/texmf-dist/tex/generic/pgf/libraries/decorations/pgflibrarydecorations.pathreplacing.code.tex))
\pgfplots@numplots=\count380
\pgfplots@xmin@reg=\dimen331
\pgfplots@xmax@reg=\dimen332
\pgfplots@ymin@reg=\dimen333
\pgfplots@ymax@reg=\dimen334
\pgfplots@zmin@reg=\dimen335
\pgfplots@zmax@reg=\dimen336
) (/usr/local/texlive/2020/texmf-dist/tex/generic/pgf/frontendlayer/tikz/libraries/tikzlibraryplotmarks.code.tex
File: tikzlibraryplotmarks.code.tex 2020/01/08 v3.1.5b (3.1.5b)
 (/usr/local/texlive/2020/texmf-dist/tex/generic/pgf/libraries/pgflibraryplotmarks.code.tex
File: pgflibraryplotmarks.code.tex 2020/01/08 v3.1.5b (3.1.5b)
))) (/usr/local/texlive/2020/texmf-dist/tex/latex/placeins/placeins.sty
Package: placeins 2005/04/18  v 2.2
) (/usr/local/texlive/2020/texmf-dist/tex/latex/appendix/appendix.sty
Package: appendix 2020/02/08 v1.2c extra appendix facilities
\c@@pps=\count381
\c@@ppsavesec=\count382
\c@@ppsaveapp=\count383
) (/usr/local/texlive/2020/texmf-dist/tex/latex/graphics/lscape.sty
Package: lscape 2000/10/22 v3.01 Landscape Pages (DPC)
) (/usr/local/texlive/2020/texmf-dist/tex/latex/arydshln/arydshln.sty
Package: arydshln 2019/02/21 v1.76 
\dashlinedash=\dimen337
\dashlinegap=\dimen338
\adl@box=\box75
\adl@height=\dimen339
\adl@heightsave=\dimen340
\adl@depth=\dimen341
\adl@depthsave=\dimen342
\adl@finaldepth=\dimen343
\adl@columns=\count384
\adl@ncol=\count385
\adl@currentcolumn=\count386
\adl@currentcolumnsave=\count387
\adl@totalheight=\count388
\adl@totalheightsave=\count389
\adl@dash=\count390
\adl@gap=\count391
\adl@cla=\count392
\adl@clb=\count393
\adl@everyvbox=\toks53
\adl@LTpagetotal=\dimen344
) (/usr/local/texlive/2020/texmf-dist/tex/latex/notoccite/notoccite.sty
Package: notoccite 2000/07/20
) (/usr/local/texlive/2020/texmf-dist/tex/latex/floatrow/floatrow.sty
Package: floatrow 2008/08/02 v0.3b floatrow: float package extension
 (/usr/local/texlive/2020/texmf-dist/tex/latex/caption/caption3.sty
Package: caption3 2020/01/03 v1.8h caption3 kernel (AR)
Package caption3 Info: TeX engine: e-TeX on input line 61.
\captionmargin=\dimen345
\captionmargin@=\dimen346
\captionwidth=\dimen347
\caption@tempdima=\dimen348
\caption@indent=\dimen349
\caption@parindent=\dimen350
\caption@hangindent=\dimen351
Package caption Info: Standard document class detected.
)
\c@float@type=\count394
\float@exts=\toks54
\float@box=\box76
\@floatcapt=\box77
Package floatrow Info: Modified float package code loaded on input line 455.
Package floatrow Info: Modified rotfloat package code loaded on input line 473.
\FR@everyfloat=\toks55
\flrow@foot=\insert252
\FB@wd=\dimen352
\FBo@wd=\dimen353
\FBc@wd=\dimen354
\FBo@ht=\skip64
\FBc@ht=\skip65
\FBf@ht=\skip66
\FBo@max=\skip67
\FBc@max=\skip68
\FBf@max=\skip69
\c@FBl@b=\count395
\floatbox@depth=\count396
\c@FRobj=\count397
\c@FRsobj=\count398
\Xhsize=\skip70
\sXhsize=\skip71
\Zhsize=\skip72
\sZhsize=\skip73
\flrow@rowbox=\box78
\FR@Zunitlength=\dimen355
\c@FBcnt=\count399
\FPOScnt=\count400
\LTleft=\skip74
\LTright=\skip75
\LTleft=\skip76
\LTright=\skip77
\flrow@types=\toks56
) (/usr/local/texlive/2020/texmf-dist/tex/latex/fifo-stack/fifo-stack.sty
Package: fifo-stack 2014/03/24 v1.0 Multi-FIFO/stack system

(/usr/local/texlive/2020/texmf-dist/tex/latex/base/ifthen.sty
Package: ifthen 2014/09/29 v1.1c Standard LaTeX ifthen package (DPC)
)
\tmp@fifo@stack@top=\count401
\tmp@fifo@stack@bottom=\count402
\tmp@fifo@stack@size=\count403
) (/usr/local/texlive/2020/texmf-dist/tex/latex/l3backend/l3backend-pdfmode.def
File: l3backend-pdfmode.def 2020-03-12 L3 backend support: PDF mode
\l__kernel_color_stack_int=\count404
\l__pdf_internal_box=\box79
) (/Users/atcha/Github/Monografia/Principal.aux (/Users/atcha/Github/Monografia/Capa.aux) (/Users/atcha/Github/Monografia/Preambulo.aux) (/Users/atcha/Github/Monografia/cap1.aux) (/Users/atcha/Github/Monografia/cap2.aux) (/Users/atcha/Github/Monografia/cap3.aux) (/Users/atcha/Github/Monografia/cap4.aux) (/Users/atcha/Github/Monografia/cap5.aux) (/Users/atcha/Github/Monografia/ApendiceA.aux))
\openout1 = `Principal.aux'.

LaTeX Font Info:    Checking defaults for OML/cmm/m/it on input line 36.
LaTeX Font Info:    ... okay on input line 36.
LaTeX Font Info:    Checking defaults for OMS/cmsy/m/n on input line 36.
LaTeX Font Info:    ... okay on input line 36.
LaTeX Font Info:    Checking defaults for OT1/cmr/m/n on input line 36.
LaTeX Font Info:    ... okay on input line 36.
LaTeX Font Info:    Checking defaults for T1/cmr/m/n on input line 36.
LaTeX Font Info:    ... okay on input line 36.
LaTeX Font Info:    Checking defaults for TS1/cmr/m/n on input line 36.
LaTeX Font Info:    ... okay on input line 36.
LaTeX Font Info:    Checking defaults for OMX/cmex/m/n on input line 36.
LaTeX Font Info:    ... okay on input line 36.
LaTeX Font Info:    Checking defaults for U/cmr/m/n on input line 36.
LaTeX Font Info:    ... okay on input line 36.
LaTeX Font Info:    Checking defaults for PD1/pdf/m/n on input line 36.
LaTeX Font Info:    ... okay on input line 36.
 (/usr/local/texlive/2020/texmf-dist/tex/context/base/mkii/supp-pdf.mkii
[Loading MPS to PDF converter (version 2006.09.02).]
\scratchcounter=\count405
\scratchdimen=\dimen356
\scratchbox=\box80
\nofMPsegments=\count406
\nofMParguments=\count407
\everyMPshowfont=\toks57
\MPscratchCnt=\count408
\MPscratchDim=\dimen357
\MPnumerator=\count409
\makeMPintoPDFobject=\count410
\everyMPtoPDFconversion=\toks58
) (/usr/local/texlive/2020/texmf-dist/tex/latex/epstopdf-pkg/epstopdf-base.sty
Package: epstopdf-base 2020-01-24 v2.11 Base part for package epstopdf
Package epstopdf-base Info: Redefining graphics rule for `.eps' on input line 485.
 (/usr/local/texlive/2020/texmf-dist/tex/latex/latexconfig/epstopdf-sys.cfg
File: epstopdf-sys.cfg 2010/07/13 v1.3 Configuration of (r)epstopdf for TeX Live
))
\AtBeginShipoutBox=\box81
Package hyperref Info: Link coloring OFF on input line 36.
 (/usr/local/texlive/2020/texmf-dist/tex/latex/hyperref/nameref.sty
Package: nameref 2019/09/16 v2.46 Cross-referencing by name of section
 (/usr/local/texlive/2020/texmf-dist/tex/latex/refcount/refcount.sty
Package: refcount 2019/12/15 v3.6 Data extraction from label references (HO)
) (/usr/local/texlive/2020/texmf-dist/tex/generic/gettitlestring/gettitlestring.sty
Package: gettitlestring 2019/12/15 v1.6 Cleanup title references (HO)
)
\c@section@level=\count411
)
LaTeX Info: Redefining \ref on input line 36.
LaTeX Info: Redefining \pageref on input line 36.
LaTeX Info: Redefining \nameref on input line 36.
 (/Users/atcha/Github/Monografia/Principal.out) (/Users/atcha/Github/Monografia/Principal.out)
\@outlinefile=\write4
\openout4 = `Principal.out'.

\c@lstlisting=\count412
 ABD: EveryShipout initializing macros

Package pgfplots Warning: running in backwards compatibility mode (unsuitable tick labels; missing features). Consider writing \pgfplotsset{compat=1.17} into your preamble.
 on input line 36.

Package caption Info: Begin \AtBeginDocument code.
Package caption Info: End \AtBeginDocument code.
(/usr/local/texlive/2020/texmf-dist/tex/latex/floatrow/fr-longtable.sty
Package: fr-longtable 2007/11/28 v0.1b (beta) floatrow: additions for longtable
\flrow@LT@lasthead=\box82
\flrow@LT@prelastfoot=\box83
\c@FBLTpage=\count413
)
\openout2 = `Capa.aux'.

 (/Users/atcha/Github/Monografia/Capa.tex
Package epstopdf Info: Source file: <./figuras/Poli.eps>
(epstopdf)                    date: 2020-05-28 21:48:22
(epstopdf)                    size: 546883 bytes
(epstopdf)             Output file: <./figuras/Poli-eps-converted-to.pdf>
(epstopdf)                    date: 2020-05-28 21:48:22
(epstopdf)                    size: 43853 bytes
(epstopdf)             Command: <repstopdf --outfile=./figuras/Poli-eps-converted-to.pdf ./figuras/Poli.eps>
(epstopdf)             \includegraphics on input line 1.
Package epstopdf Info: Output file is already uptodate.
<./figuras/Poli-eps-converted-to.pdf, id=240, 130.4875pt x 139.52126pt>
File: ./figuras/Poli-eps-converted-to.pdf Graphic file (type pdf)
<use ./figuras/Poli-eps-converted-to.pdf>
Package pdftex.def Info: ./figuras/Poli-eps-converted-to.pdf  used on input line 1.
(pdftex.def)             Requested size: 91.3406pt x 97.6642pt.

Underfull \hbox (badness 10000) in paragraph at lines 10--10

 []

LaTeX Font Info:    Trying to load font information for U+msa on input line 10.
(/usr/local/texlive/2020/texmf-dist/tex/latex/amsfonts/umsa.fd
File: umsa.fd 2013/01/14 v3.01 AMS symbols A
)
LaTeX Font Info:    Trying to load font information for U+msb on input line 10.
 (/usr/local/texlive/2020/texmf-dist/tex/latex/amsfonts/umsb.fd
File: umsb.fd 2013/01/14 v3.01 AMS symbols B
)
Overfull \hbox (2.61107pt too wide) in paragraph at lines 9--14
   $[]$
 []

[1
Non-PDF special ignored!
<special> header=pstricks.pro
Non-PDF special ignored!
<special> header=pst-algparser.pro
Non-PDF special ignored!
<special> header=pst-tools.pro
Non-PDF special ignored!
<special> header=pst-dots.pro
Non-PDF special ignored!
<special> header=pst-node.pro

Non-PDF special ignored!
<special> ps: /pssetRGBcolor /setrgbcolor load def /pssetCMYKcolor /setcmyk...
Non-PDF special ignored!
<special> ps:tx@Dict begin  gsave STV CP T /ps@rot 0 def grestore  end
Non-PDF special ignored!
<special> ps:tx@Dict begin  gsave STV CP T /ps@refangle 0.  def grestore  e...
Non-PDF special ignored!
<special> ps:tx@Dict begin  gsave STV CP T /ps@rot 0 def grestore  end


{/usr/local/texlive/2020/texmf-var/fonts/map/pdftex/updmap/pdftex.map} </Users/atcha/Github/Monografia/./figuras/Poli-eps-converted-to.pdf>]
Overfull \hbox (1.744pt too wide) in paragraph at lines 30--31
\OT1/cmr/m/n/12 PROJETO DE GRADUA[][]AO SUB-ME-TIDO AO CORPO DO-CENTE DO CURSO
 []

) [2]
\openout2 = `Preambulo.aux'.

 (/Users/atcha/Github/Monografia/Preambulo.tex
Underfull \hbox (badness 10000) in paragraph at lines 8--16

 []

[3


] [4] [5] [6]
Overfull \hbox (3.55875pt too wide) in paragraph at lines 88--89
 [][] \OT1/cmr/m/n/12 Palavras-Chave: \OT1/cmr/m/it/12 Ma-chine Le-ar-ning\OT1/cmr/m/n/12 , \OT1/cmr/m/it/12 Ran-dom Fo-rest\OT1/cmr/m/n/12 , An^^Salise T^^Secnica, \OT1/cmr/m/it/12 Swing Trade\OT1/cmr/m/n/12 ,
 []

[7] [8] [9]) [10] (/Users/atcha/Github/Monografia/Principal.toc [11


] [12])
\tf@toc=\write5
\openout5 = `Principal.toc'.

 [13] (/Users/atcha/Github/Monografia/Principal.lof
Overfull \hbox (9.98755pt too wide) in paragraph at lines 21--21
 [][] [][]\OT1/cmr/m/n/12 Risco M^^S^^Pnimo (01/01/2019 a 31/12/2019) - Com-pa-nhia: Am-bev (ABEV3)[] [][]  
 []


Overfull \hbox (0.3779pt too wide) in paragraph at lines 22--22
 [][] [][]\OT1/cmr/m/n/12 Algoritmo de iden-ti-fica^^Xc~ao de pi-cos (01/01/2019 a 31/12/2019) - Com- 
 []

[14

]
Overfull \hbox (24.26932pt too wide) in paragraph at lines 29--29
 [][] [][]\OT1/cmr/m/n/12 Histograma de dias com risco m^^S^^Pnimo em opera^^Xc~oes de su-cesso (01/01/2016 
 []


Overfull \hbox (24.26932pt too wide) in paragraph at lines 30--30
 [][] [][]\OT1/cmr/m/n/12 Histograma de dias com risco m^^S^^Pnimo em opera^^Xc~oes de su-cesso (01/01/2016 
 []


Overfull \hbox (15.13052pt too wide) in paragraph at lines 31--31
 [][] [][]\OT1/cmr/m/n/12 Histograma de dias com risco ^^Sotimo em opera^^Xc~oes de su-cesso (01/01/2016 
 []


Overfull \hbox (15.13052pt too wide) in paragraph at lines 32--32
 [][] [][]\OT1/cmr/m/n/12 Histograma de dias com risco ^^Sotimo em opera^^Xc~oes de su-cesso (01/01/2016 
 []


Overfull \hbox (4.51962pt too wide) in paragraph at lines 35--35
 [][] [][]\OT1/cmr/m/n/12 Indicadores de per-for-mance em fun^^Xc~ao do RCC (71 tic-kers: 01/01/2019 
 []

[15])
\tf@lof=\write6
\openout6 = `Principal.lof'.

 [16] (/Users/atcha/Github/Monografia/Principal.lot)
\tf@lot=\write7
\openout7 = `Principal.lot'.

 [17

]
\openout2 = `cap1.aux'.

 (/Users/atcha/Github/Monografia/cap1.tex
Cap\'{\i }tulo 1.
[1




] [2] [3]) [4]
\openout2 = `cap2.aux'.

 (/Users/atcha/Github/Monografia/cap2.tex
Cap\'{\i }tulo 2.

Overfull \hbox (3.14258pt too wide) in paragraph at lines 10--10
[]\OT1/cmr/bx/n/17.28 Mercado de Ca-pi-tais, Bolsa de Va-lo-res e A^^Xc~oes 
 []

[5



] [6] [7] [8]
Overfull \hbox (5.58493pt too wide) in paragraph at lines 85--86
 [][] \OT1/cmr/m/n/12 A An^^Salise Fun-da-men-ta-lista (AF) ^^Se um bas-tante uti-li-zada para iden-ti-fi-car tend^encias
 []

[9]
<./figuras/candlestick.png, id=761, 651.43375pt x 381.425pt>
File: ./figuras/candlestick.png Graphic file (type png)
<use ./figuras/candlestick.png>
Package pdftex.def Info: ./figuras/candlestick.png  used on input line 108.
(pdftex.def)             Requested size: 325.71606pt x 190.71202pt.
 [10 </Users/atcha/Github/Monografia/./figuras/candlestick.png>]
<./figuras/dow_theory.png, id=779, 484.81125pt x 249.93375pt>
File: ./figuras/dow_theory.png Graphic file (type png)
<use ./figuras/dow_theory.png>
Package pdftex.def Info: ./figuras/dow_theory.png  used on input line 121.
(pdftex.def)             Requested size: 242.40503pt x 124.96657pt.
<./figuras/suporte_resistencia.png, id=784, 668.4975pt x 289.08pt>
File: ./figuras/suporte_resistencia.png Graphic file (type png)
<use ./figuras/suporte_resistencia.png>
Package pdftex.def Info: ./figuras/suporte_resistencia.png  used on input line 135.
(pdftex.def)             Requested size: 334.24792pt x 144.53964pt.
 [11 </Users/atcha/Github/Monografia/./figuras/dow_theory.png> </Users/atcha/Github/Monografia/./figuras/suporte_resistencia.png>]
<./figuras/lta.png, id=797, 678.535pt x 296.10625pt>
File: ./figuras/lta.png Graphic file (type png)
<use ./figuras/lta.png>
Package pdftex.def Info: ./figuras/lta.png  used on input line 144.
(pdftex.def)             Requested size: 339.26666pt x 148.05275pt.
<./figuras/ltb.png, id=799, 670.505pt x 290.08376pt>
File: ./figuras/ltb.png Graphic file (type png)
<use ./figuras/ltb.png>
Package pdftex.def Info: ./figuras/ltb.png  used on input line 151.
(pdftex.def)             Requested size: 335.25168pt x 145.04152pt.
 [12 </Users/atcha/Github/Monografia/./figuras/lta.png> </Users/atcha/Github/Monografia/./figuras/ltb.png>]
<./figuras/generalisation.png, id=827, 1024.82875pt x 664.4825pt>
File: ./figuras/generalisation.png Graphic file (type png)
<use ./figuras/generalisation.png>
Package pdftex.def Info: ./figuras/generalisation.png  used on input line 182.
(pdftex.def)             Requested size: 358.69543pt x 232.57236pt.
 [13] [14 </Users/atcha/Github/Monografia/./figuras/generalisation.png>]
<./figuras/over_under_sampling.png, id=858, 682.55pt x 240.9pt>
File: ./figuras/over_under_sampling.png Graphic file (type png)
<use ./figuras/over_under_sampling.png>
Package pdftex.def Info: ./figuras/over_under_sampling.png  used on input line 214.
(pdftex.def)             Requested size: 375.40366pt x 132.49539pt.
 [15 </Users/atcha/Github/Monografia/./figuras/over_under_sampling.png>]
<./figuras/knn_example.png, id=874, 405.515pt x 350.30875pt>
File: ./figuras/knn_example.png Graphic file (type png)
<use ./figuras/knn_example.png>
Package pdftex.def Info: ./figuras/knn_example.png  used on input line 237.
(pdftex.def)             Requested size: 243.31087pt x 210.18686pt.
 [16 </Users/atcha/Github/Monografia/./figuras/knn_example.png>]
<./figuras/decision_tree.png, id=892, 1159.33125pt x 681.54625pt>
File: ./figuras/decision_tree.png Graphic file (type png)
<use ./figuras/decision_tree.png>
Package pdftex.def Info: ./figuras/decision_tree.png  used on input line 254.
(pdftex.def)             Requested size: 405.77202pt x 238.54475pt.
 [17] [18 </Users/atcha/Github/Monografia/./figuras/decision_tree.png>]
<./figuras/wfa.png, id=919, 819.06pt x 448.67625pt>
File: ./figuras/wfa.png Graphic file (type png)
<use ./figuras/wfa.png>
Package pdftex.def Info: ./figuras/wfa.png  used on input line 278.
(pdftex.def)             Requested size: 368.5736pt x 201.90245pt.
 [19 </Users/atcha/Github/Monografia/./figuras/wfa.png>] [20]

LaTeX Warning: `!h' float specifier changed to `!ht'.

[21]
Overfull \hbox (11.1444pt too wide) in paragraph at lines 380--381
 [][] \OT1/cmr/m/n/12 Se-gundo Ken-dall Kim [[]], so-mente a par-tir dos anos 80 que as cor-re-to-ras come^^Xcaram
 []

[22] [23] [24]) [25]
\openout2 = `cap3.aux'.

 (/Users/atcha/Github/Monografia/cap3.tex
Cap\'{\i }tulo 3.
<./figuras/resumo_projeto.png, id=1082, 733.74126pt x 653.44125pt>
File: ./figuras/resumo_projeto.png Graphic file (type png)
<use ./figuras/resumo_projeto.png>
Package pdftex.def Info: ./figuras/resumo_projeto.png  used on input line 12.
(pdftex.def)             Requested size: 381.54765pt x 339.7914pt.
[26



 </Users/atcha/Github/Monografia/./figuras/resumo_projeto.png>] [27]
<./figuras/otimizacao_de_parametros.png, id=1110, 412.54124pt x 181.67876pt>
File: ./figuras/otimizacao_de_parametros.png Graphic file (type png)
<use ./figuras/otimizacao_de_parametros.png>
Package pdftex.def Info: ./figuras/otimizacao_de_parametros.png  used on input line 33.
(pdftex.def)             Requested size: 268.14864pt x 118.08978pt.
 [28 </Users/atcha/Github/Monografia/./figuras/otimizacao_de_parametros.png>] [29] [30]
<./figuras/config_file_estrutura.png, id=1131, 582.175pt x 436.63126pt>
File: ./figuras/config_file_estrutura.png Graphic file (type png)
<use ./figuras/config_file_estrutura.png>
Package pdftex.def Info: ./figuras/config_file_estrutura.png  used on input line 150.
(pdftex.def)             Requested size: 291.08679pt x 218.3151pt.
 [31 </Users/atcha/Github/Monografia/./figuras/config_file_estrutura.png>]
<./figuras/config_file_mult_exec.png, id=1144, 581.17125pt x 436.63126pt>
File: ./figuras/config_file_mult_exec.png Graphic file (type png)
<use ./figuras/config_file_mult_exec.png>
Package pdftex.def Info: ./figuras/config_file_mult_exec.png  used on input line 161.
(pdftex.def)             Requested size: 290.58492pt x 218.3151pt.
 [32 </Users/atcha/Github/Monografia/./figuras/config_file_mult_exec.png>] [33] [34]
<./figuras/ERD.png, id=1180, 1686.3pt x 995.72pt>
File: ./figuras/ERD.png Graphic file (type png)
<use ./figuras/ERD.png>
Package pdftex.def Info: ./figuras/ERD.png  used on input line 212.
(pdftex.def)             Requested size: 674.50806pt x 398.28094pt.
 [35 </Users/atcha/Github/Monografia/./figuras/ERD.png>] [36


]
Underfull \hbox (badness 10000) in paragraph at lines 245--247

 []

[37]
<./figuras/min_risk_mglu3.png, id=1223, 904.8204pt x 721.9773pt>
File: ./figuras/min_risk_mglu3.png Graphic file (type png)
<use ./figuras/min_risk_mglu3.png>
Package pdftex.def Info: ./figuras/min_risk_mglu3.png  used on input line 287.
(pdftex.def)             Requested size: 370.97878pt x 296.0126pt.
<./figuras/min_risk_abev3.png, id=1224, 905.5431pt x 721.9773pt>
File: ./figuras/min_risk_abev3.png Graphic file (type png)
<use ./figuras/min_risk_abev3.png>
Package pdftex.def Info: ./figuras/min_risk_abev3.png  used on input line 294.
(pdftex.def)             Requested size: 371.27507pt x 296.0126pt.
 [38] [39 </Users/atcha/Github/Monografia/./figuras/min_risk_mglu3.png> </Users/atcha/Github/Monografia/./figuras/min_risk_abev3.png>]
Underfull \hbox (badness 10000) in paragraph at lines 301--303

 []

<./figuras/peaks_cple6_w_5.png, id=1238, 905.5431pt x 356.2911pt>
File: ./figuras/peaks_cple6_w_5.png Graphic file (type png)
<use ./figuras/peaks_cple6_w_5.png>
Package pdftex.def Info: ./figuras/peaks_cple6_w_5.png  used on input line 309.
(pdftex.def)             Requested size: 425.60532pt x 167.45683pt.
[40

 </Users/atcha/Github/Monografia/./figuras/peaks_cple6_w_5.png>]
<./figuras/peaks_with_marks_cple6_w_5.png, id=1248, 905.5431pt x 356.2911pt>
File: ./figuras/peaks_with_marks_cple6_w_5.png Graphic file (type png)
<use ./figuras/peaks_with_marks_cple6_w_5.png>
Package pdftex.def Info: ./figuras/peaks_with_marks_cple6_w_5.png  used on input line 318.
(pdftex.def)             Requested size: 425.60532pt x 167.45683pt.
<./figuras/max_risk_mglu3.png, id=1251, 905.5431pt x 721.9773pt>
File: ./figuras/max_risk_mglu3.png Graphic file (type png)
<use ./figuras/max_risk_mglu3.png>
Package pdftex.def Info: ./figuras/max_risk_mglu3.png  used on input line 349.
(pdftex.def)             Requested size: 371.27507pt x 296.0126pt.
<./figuras/max_risk_abev3.png, id=1252, 905.5431pt x 721.9773pt>
File: ./figuras/max_risk_abev3.png Graphic file (type png)
<use ./figuras/max_risk_abev3.png>
Package pdftex.def Info: ./figuras/max_risk_abev3.png  used on input line 356.
(pdftex.def)             Requested size: 371.27507pt x 296.0126pt.
 [41 </Users/atcha/Github/Monografia/./figuras/peaks_with_marks_cple6_w_5.png>] [42 </Users/atcha/Github/Monografia/./figuras/max_risk_mglu3.png> </Users/atcha/Github/Monografia/./figuras/max_risk_abev3.png>] [43

]

LaTeX Warning: `!h' float specifier changed to `!ht'.

[44] [45]
Overfull \hbox (2.64278pt too wide) in paragraph at lines 471--471
[][] 
 []


LaTeX Warning: `!h' float specifier changed to `!ht'.

[46] [47]
<./figuras/models_chart.png, id=1329, 728.7225pt x 597.23125pt>
File: ./figuras/models_chart.png Graphic file (type png)
<use ./figuras/models_chart.png>
Package pdftex.def Info: ./figuras/models_chart.png  used on input line 578.
(pdftex.def)             Requested size: 364.36035pt x 298.61488pt.
 [48] [49] [50 </Users/atcha/Github/Monografia/./figuras/models_chart.png>]
<./figuras/baseline_raw.png, id=1354, 796.9775pt x 381.425pt>
File: ./figuras/baseline_raw.png Graphic file (type png)
<use ./figuras/baseline_raw.png>
Package pdftex.def Info: ./figuras/baseline_raw.png  used on input line 596.
(pdftex.def)             Requested size: 398.48776pt x 190.71202pt.
<./figuras/baseline_raw_2.png, id=1355, 799.98875pt x 380.42125pt>
File: ./figuras/baseline_raw_2.png Graphic file (type png)
<use ./figuras/baseline_raw_2.png>
Package pdftex.def Info: ./figuras/baseline_raw_2.png  used on input line 603.
(pdftex.def)             Requested size: 399.9934pt x 190.21014pt.
 [51

 </Users/atcha/Github/Monografia/./figuras/baseline_raw.png>] [52 </Users/atcha/Github/Monografia/./figuras/baseline_raw_2.png>] [53] [54]
<./figuras/MGLU3_stop_hist_min_risk.png, id=1393, 785.93625pt x 521.95pt>
File: ./figuras/MGLU3_stop_hist_min_risk.png Graphic file (type png)
<use ./figuras/MGLU3_stop_hist_min_risk.png>
Package pdftex.def Info: ./figuras/MGLU3_stop_hist_min_risk.png  used on input line 710.
(pdftex.def)             Requested size: 314.36893pt x 208.77629pt.
<./figuras/ABEV3_stop_hist_min_risk.png, id=1394, 772.8875pt x 520.94624pt>
File: ./figuras/ABEV3_stop_hist_min_risk.png Graphic file (type png)
<use ./figuras/ABEV3_stop_hist_min_risk.png>
Package pdftex.def Info: ./figuras/ABEV3_stop_hist_min_risk.png  used on input line 717.
(pdftex.def)             Requested size: 309.14952pt x 208.3748pt.
<./figuras/MGLU3_stop_hist_opt_risk.png, id=1397, 763.85374pt x 528.97626pt>
File: ./figuras/MGLU3_stop_hist_opt_risk.png Graphic file (type png)
<use ./figuras/MGLU3_stop_hist_opt_risk.png>
Package pdftex.def Info: ./figuras/MGLU3_stop_hist_opt_risk.png  used on input line 726.
(pdftex.def)             Requested size: 305.53607pt x 211.58675pt.
<./figuras/ABEV3_stop_hist_opt_risk.png, id=1398, 776.9025pt x 524.96124pt>
File: ./figuras/ABEV3_stop_hist_opt_risk.png Graphic file (type png)
<use ./figuras/ABEV3_stop_hist_opt_risk.png>
Package pdftex.def Info: ./figuras/ABEV3_stop_hist_opt_risk.png  used on input line 733.
(pdftex.def)             Requested size: 310.7555pt x 209.98077pt.
<./figuras/riskmap_mglu3.png, id=1400, 768.8725pt x 818.05624pt>
File: ./figuras/riskmap_mglu3.png Graphic file (type png)
<use ./figuras/riskmap_mglu3.png>
Package pdftex.def Info: ./figuras/riskmap_mglu3.png  used on input line 742.
(pdftex.def)             Requested size: 307.54355pt x 327.21669pt.
 [55] [56 </Users/atcha/Github/Monografia/./figuras/MGLU3_stop_hist_min_risk.png> </Users/atcha/Github/Monografia/./figuras/ABEV3_stop_hist_min_risk.png>] [57 </Users/atcha/Github/Monografia/./figuras/MGLU3_stop_hist_opt_risk.png> </Users/atcha/Github/Monografia/./figuras/ABEV3_stop_hist_opt_risk.png>] [58 </Users/atcha/Github/Monografia/./figuras/riskmap_mglu3.png>]
<./figuras/performance_per_op_risks.png, id=1442, 462.528pt x 346.896pt>
File: ./figuras/performance_per_op_risks.png Graphic file (type png)
<use ./figuras/performance_per_op_risks.png>
Package pdftex.def Info: ./figuras/performance_per_op_risks.png  used on input line 795.
(pdftex.def)             Requested size: 370.02289pt x 277.51717pt.
 [59 </Users/atcha/Github/Monografia/./figuras/performance_per_op_risks.png>] [60]
<./figuras/performance_per_rcc.png, id=1471, 462.528pt x 346.896pt>
File: ./figuras/performance_per_rcc.png Graphic file (type png)
<use ./figuras/performance_per_rcc.png>
Package pdftex.def Info: ./figuras/performance_per_rcc.png  used on input line 834.
(pdftex.def)             Requested size: 370.02289pt x 277.51717pt.
 [61 </Users/atcha/Github/Monografia/./figuras/performance_per_rcc.png>]
Overfull \hbox (1.8978pt too wide) in paragraph at lines 844--852
 [] 
 []

<./figuras/performance_rcc_0_11p.png, id=1485, 842.14626pt x 389.455pt>
File: ./figuras/performance_rcc_0_11p.png Graphic file (type png)
<use ./figuras/performance_rcc_0_11p.png>
Package pdftex.def Info: ./figuras/performance_rcc_0_11p.png  used on input line 862.
(pdftex.def)             Requested size: 421.0721pt x 194.72702pt.
<./figuras/performance_rcc_6_1p.png, id=1486, 834.11626pt x 402.50375pt>
File: ./figuras/performance_rcc_6_1p.png Graphic file (type png)
<use ./figuras/performance_rcc_6_1p.png>
Package pdftex.def Info: ./figuras/performance_rcc_6_1p.png  used on input line 869.
(pdftex.def)             Requested size: 417.05711pt x 201.25137pt.
<./figuras/rcc_capital_usage_0_11p.png, id=1487, 794.97pt x 378.41376pt>
File: ./figuras/rcc_capital_usage_0_11p.png Graphic file (type png)
<use ./figuras/rcc_capital_usage_0_11p.png>
Package pdftex.def Info: ./figuras/rcc_capital_usage_0_11p.png  used on input line 876.
(pdftex.def)             Requested size: 397.48402pt x 189.2064pt.
<./figuras/rcc_capital_usage_6_10p.png, id=1488, 801.99625pt x 377.41pt>
File: ./figuras/rcc_capital_usage_6_10p.png Graphic file (type png)
<use ./figuras/rcc_capital_usage_6_10p.png>
Package pdftex.def Info: ./figuras/rcc_capital_usage_6_10p.png  used on input line 883.
(pdftex.def)             Requested size: 400.99713pt x 188.70453pt.
[62]

LaTeX Warning: Text page 63 contains only floats.

[63 </Users/atcha/Github/Monografia/./figuras/performance_rcc_0_11p.png> </Users/atcha/Github/Monografia/./figuras/performance_rcc_6_1p.png> </Users/atcha/Github/Monografia/./figuras/rcc_capital_usage_0_11p.png>] [64 </Users/atcha/Github/Monografia/./figuras/rcc_capital_usage_6_10p.png>]

LaTeX Warning: `!h' float specifier changed to `!ht'.

<./figuras/yield_per_rcc_k.png, id=1533, 434.62375pt x 393.47pt>
File: ./figuras/yield_per_rcc_k.png Graphic file (type png)
<use ./figuras/yield_per_rcc_k.png>
Package pdftex.def Info: ./figuras/yield_per_rcc_k.png  used on input line 997.
(pdftex.def)             Requested size: 304.23454pt x 275.42711pt.
<./figuras/sharpe_per_rcc_k.png, id=1534, 436.63126pt x 393.47pt>
File: ./figuras/sharpe_per_rcc_k.png Graphic file (type png)
<use ./figuras/sharpe_per_rcc_k.png>
Package pdftex.def Info: ./figuras/sharpe_per_rcc_k.png  used on input line 1005.
(pdftex.def)             Requested size: 305.63979pt x 275.42711pt.
<./figuras/avgcap_per_rcc_k.png, id=1535, 433.62pt x 361.35pt>
File: ./figuras/avgcap_per_rcc_k.png Graphic file (type png)
<use ./figuras/avgcap_per_rcc_k.png>
Package pdftex.def Info: ./figuras/avgcap_per_rcc_k.png  used on input line 1013.
(pdftex.def)             Requested size: 303.53192pt x 252.94327pt.
<./figuras/totalop_per_rcc_k.png, id=1536, 438.63875pt x 372.39125pt>
File: ./figuras/totalop_per_rcc_k.png Graphic file (type png)
<use ./figuras/totalop_per_rcc_k.png>
Package pdftex.def Info: ./figuras/totalop_per_rcc_k.png  used on input line 1021.
(pdftex.def)             Requested size: 307.04501pt x 260.67209pt.
[65] [66 </Users/atcha/Github/Monografia/./figuras/yield_per_rcc_k.png>] [67 </Users/atcha/Github/Monografia/./figuras/sharpe_per_rcc_k.png> </Users/atcha/Github/Monografia/./figuras/avgcap_per_rcc_k.png>]
Underfull \hbox (badness 10000) in alignment at lines 1038--1044
[] []
 []


Underfull \hbox (badness 10000) in alignment at lines 1044--1051
[] []
 []


Underfull \hbox (badness 10000) in alignment at lines 1051--1054
[] []
 []


Underfull \hbox (badness 10000) in alignment at lines 1054--1059
[] []
 []


Underfull \hbox (badness 7415) in paragraph at lines 1084--1085
[]|\OT1/cmr/m/n/10.95 N^^Sumero de ati-vos a es-co-lher den-tro de
 []


Underfull \hbox (badness 10000) in alignment at lines 1059--1126
[] []
 []


Underfull \hbox (badness 10000) has occurred while \output is active
[] []
 []

[68 </Users/atcha/Github/Monografia/./figuras/totalop_per_rcc_k.png>]
Underfull \hbox (badness 10000) has occurred while \output is active
[] []
 []

[69]
<./figuras/dash_1.png, id=1589, 925.4575pt x 701.62125pt>
File: ./figuras/dash_1.png Graphic file (type png)
<use ./figuras/dash_1.png>
Package pdftex.def Info: ./figuras/dash_1.png  used on input line 1136.
(pdftex.def)             Requested size: 370.17644pt x 280.64352pt.
<./figuras/dash_2.png, id=1590, 922.44624pt x 496.85625pt>
File: ./figuras/dash_2.png Graphic file (type png)
<use ./figuras/dash_2.png>
Package pdftex.def Info: ./figuras/dash_2.png  used on input line 1143.
(pdftex.def)             Requested size: 368.97195pt x 198.73897pt.
<./figuras/dash_3.png, id=1591, 924.45375pt x 970.62625pt>
File: ./figuras/dash_3.png Graphic file (type png)
<use ./figuras/dash_3.png>
Package pdftex.def Info: ./figuras/dash_3.png  used on input line 1150.
(pdftex.def)             Requested size: 369.77495pt x 388.24362pt.
<./figuras/dash_4.png, id=1592, 922.44624pt x 379.4175pt>
File: ./figuras/dash_4.png Graphic file (type png)
<use ./figuras/dash_4.png>
Package pdftex.def Info: ./figuras/dash_4.png  used on input line 1157.
(pdftex.def)             Requested size: 368.97195pt x 151.7643pt.
<./figuras/dash_5.png, id=1593, 923.45pt x 959.585pt>
File: ./figuras/dash_5.png Graphic file (type png)
<use ./figuras/dash_5.png>
Package pdftex.def Info: ./figuras/dash_5.png  used on input line 1164.
(pdftex.def)             Requested size: 369.37346pt x 383.8272pt.
) [70 </Users/atcha/Github/Monografia/./figuras/dash_1.png> </Users/atcha/Github/Monografia/./figuras/dash_2.png>] [71 </Users/atcha/Github/Monografia/./figuras/dash_3.png> </Users/atcha/Github/Monografia/./figuras/dash_4.png>] [72 </Users/atcha/Github/Monografia/./figuras/dash_5.png>]
\openout2 = `cap4.aux'.

 (/Users/atcha/Github/Monografia/cap4.tex
Cap\'{\i }tulo 4.
<./figuras/yield_strategy_1.png, id=1625, 803.0pt x 400.49625pt>
File: ./figuras/yield_strategy_1.png Graphic file (type png)
<use ./figuras/yield_strategy_1.png>
Package pdftex.def Info: ./figuras/yield_strategy_1.png  used on input line 63.
(pdftex.def)             Requested size: 401.49902pt x 200.24763pt.
[73



]
<./figuras/yield_strategy_2.png, id=1634, 799.98875pt x 380.42125pt>
File: ./figuras/yield_strategy_2.png Graphic file (type png)
<use ./figuras/yield_strategy_2.png>
Package pdftex.def Info: ./figuras/yield_strategy_2.png  used on input line 70.
(pdftex.def)             Requested size: 399.9934pt x 190.21014pt.
<./figuras/yield_strategy_3.png, id=1635, 800.9925pt x 382.42876pt>
File: ./figuras/yield_strategy_3.png Graphic file (type png)
<use ./figuras/yield_strategy_3.png>
Package pdftex.def Info: ./figuras/yield_strategy_3.png  used on input line 77.
(pdftex.def)             Requested size: 400.49527pt x 191.2139pt.
<./figuras/yield_strategy_4.png, id=1636, 801.99625pt x 383.4325pt>
File: ./figuras/yield_strategy_4.png Graphic file (type png)
<use ./figuras/yield_strategy_4.png>
Package pdftex.def Info: ./figuras/yield_strategy_4.png  used on input line 84.
(pdftex.def)             Requested size: 400.99713pt x 191.71577pt.
 [74 </Users/atcha/Github/Monografia/./figuras/yield_strategy_1.png>]

LaTeX Warning: Text page 75 contains only floats.

[75 </Users/atcha/Github/Monografia/./figuras/yield_strategy_2.png> </Users/atcha/Github/Monografia/./figuras/yield_strategy_3.png> </Users/atcha/Github/Monografia/./figuras/yield_strategy_4.png>] [76]) [77]
\openout2 = `cap5.aux'.

 (/Users/atcha/Github/Monografia/cap5.tex
Cap\'{\i }tulo 5.
[78



]) [79] (/Users/atcha/Github/Monografia/Principal.bbl
Underfull \hbox (badness 10000) in paragraph at lines 8--11
[]\OT1/cmr/m/n/12 PYTHON, ``The Python Tu-to-rial'', []$\OT1/cmtt/m/n/12 https : / / docs . python . org / 3 . 10 /
 []


Underfull \hbox (badness 10000) in paragraph at lines 22--26
[]\OT1/cmr/m/n/12 B3, ``B3 atinge 5 milh~oes de con-tas de in-ves-ti-do-res em renda
 []


Underfull \hbox (badness 10000) in paragraph at lines 22--26
\OT1/cmr/m/n/12 vari^^Savel em ja-neiro'', []$\OT1/cmtt/m/n/12 https : / / www . b3 . com . br / pt _ br / noticias /
 []


Underfull \hbox (badness 3029) in paragraph at lines 28--32
\OT1/cmr/m/n/12 ao re-dor do mundo'', []$\OT1/cmtt/m/n/12 https : / / www . infomoney . com . br / onde-[]investir /
 []


Overfull \hbox (76.42528pt too wide) in paragraph at lines 28--32
\OT1/cmtt/m/n/12 robos-[]de-[]investimentos-[]ja-[]controlam-[]mais-[]de-[]us-[]200-[]bilhoes-[]ao-[]redor-[]do-[]mundo$[]\OT1/cmr/m/n/12 ,
 []


Underfull \hbox (badness 2277) in paragraph at lines 40--44
[]\OT1/cmr/m/n/12 INFOMONEY, ``No Bra-sil, rob^os de in-ves-ti-mento n~ao con-se-guem ba-
 []


Underfull \hbox (badness 4454) in paragraph at lines 40--44
\OT1/cmr/m/n/12 ter me-lho-res fun-dos'', []$\OT1/cmtt/m/n/12 https : / / www . infomoney . com . br / onde-[]investir /
 []


Overfull \hbox (18.85025pt too wide) in paragraph at lines 40--44
\OT1/cmtt/m/n/12 no-[]brasil-[]robos-[]de-[]investimento-[]nao-[]conseguem-[]bater-[]melhores-[]fundos$[]\OT1/cmr/m/n/12 ,
 []

[80



]
Underfull \hbox (badness 10000) in paragraph at lines 65--68
[]\OT1/cmr/m/n/12 CVM, ``En-ten-dendo o Mer-cado de Va-lo-res Mo-bili^^Sarios'', []$\OT1/cmtt/m/n/12 https :
 []


Underfull \hbox (badness 10000) in paragraph at lines 65--68
\OT1/cmtt/m/n/12 / / www . investidor . gov . br / menu / primeiros _ passos / entendendo _ mercado _
 []


Underfull \hbox (badness 10000) in paragraph at lines 82--85
[]\OT1/cmr/m/n/12 B3, ``A^^Xc~oes'', []$\OT1/cmtt/m/n/12 https : / / www . b3 . com . br / pt _ br / produtos-[]e-[]servicos /
 []


Underfull \hbox (badness 8151) in paragraph at lines 93--97
[]\OT1/cmr/m/n/12 CVM, ``Lei 6.404/76: Ex-posi^^Xc~ao de Mo-ti-vos. Cap^^S^^Ptulo II, Se^^Xcao
 []


Underfull \hbox (badness 10000) in paragraph at lines 93--97
\OT1/cmr/m/n/12 I.'', []$\OT1/cmtt/m/n/12 https : / / www . gov . br / cvm / pt-[]br / acesso-[]a-[]informacao-[]cvm /
 []

[81]
Underfull \hbox (badness 1430) in paragraph at lines 127--130
[]\OT1/cmr/m/n/12 INVESTOPEDIA, ``Four Scan-da-lous In-si-der Tra-ding In-ci-dents'', []$\OT1/cmtt/m/n/12 https :
 []


Underfull \hbox (badness 10000) in paragraph at lines 127--130
\OT1/cmtt/m/n/12 / / www . investopedia . com / articles / stocks / 09 / insider-[]trading . asp# : [] :
 []


Underfull \hbox (badness 10000) in paragraph at lines 127--130
\OT1/cmtt/m/n/12 text = Four % 20cases % 20that % 20captured % 20a ,[] Foster % 20Winans % 2C % 20and %
 []

[82]
Underfull \hbox (badness 10000) in paragraph at lines 155--158
[]\OT1/cmr/m/n/12 B3, ``Ibo-vespa B3'', []$\OT1/cmtt/m/n/12 https : / / www . b3 . com . br / pt _ br /
 []


Underfull \hbox (badness 5147) in paragraph at lines 155--158
\OT1/cmtt/m/n/12 market-[]data-[]e-[]indices / indices / indices-[]amplos / ibovespa . htm$[]\OT1/cmr/m/n/12 , (Aces-
 []


Underfull \hbox (badness 10000) in paragraph at lines 160--163
[]\OT1/cmr/m/n/12 B3, ``ETF de Renda Vari^^Savel'', []$\OT1/cmtt/m/n/12 https : / / www . b3 . com . br /
 []


Underfull \hbox (badness 10000) in paragraph at lines 160--163
\OT1/cmtt/m/n/12 pt _ br / produtos-[]e-[]servicos / negociacao / renda-[]variavel /
 []


Underfull \hbox (badness 10000) in paragraph at lines 165--168
[]\OT1/cmr/m/n/12 B3, ``ETFs Lis-ta-dos'', []$\OT1/cmtt/m/n/12 https : / / www . b3 . com . br / pt _ br /
 []


Underfull \hbox (badness 10000) in paragraph at lines 165--168
\OT1/cmtt/m/n/12 produtos-[]e-[]servicos / negociacao / renda-[]variavel / etf /
 []


Underfull \hbox (badness 3623) in paragraph at lines 170--173
[]\OT1/cmr/m/n/12 INVESTOPEDIA, ``Frac-ti-o-nal Share'', []$\OT1/cmtt/m/n/12 https : / / www . investopedia . com /
 []


Underfull \hbox (badness 6094) in paragraph at lines 194--197
\OT1/cmtt/m/n/12 www . bussoladoinvestidor . com . br / grafico-[]de-[]candlestick/$[]\OT1/cmr/m/n/12 , (Aces-sado
 []


Underfull \hbox (badness 2245) in paragraph at lines 203--206
[]\OT1/cmr/m/n/12 IBM, ``Ar-ti-fi-cial In-tel-li-gence (AI)'', []$\OT1/cmtt/m/n/12 https : / / www . ibm . com / cloud / learn /
 []

[83]
Underfull \hbox (badness 10000) in paragraph at lines 212--215
[]\OT1/cmr/m/n/12 IBM, ``Ma-chine Le-ar-ning'', []$\OT1/cmtt/m/n/12 https : / / www . ibm . com / cloud / learn /
 []


Underfull \hbox (badness 10000) in paragraph at lines 212--215
\OT1/cmtt/m/n/12 machine-[]learning# : [] : text = IBM % 20has % 20a % 20rich % 20history ,[] around %
 []

[84]
Underfull \hbox (badness 10000) in paragraph at lines 278--281
[]\OT1/cmr/m/n/12 DATACAMP, ``KNN Clas-si-fi-ca-tion Tu-to-rial using Scikit-
 []


Underfull \hbox (badness 10000) in paragraph at lines 278--281
\OT1/cmr/m/n/12 learn'', []$\OT1/cmtt/m/n/12 https : / / www . datacamp . com / community / tutorials /
 []


Underfull \hbox (badness 10000) in paragraph at lines 278--281
\OT1/cmtt/m/n/12 k-[]nearest-[]neighbor-[]classification-[]scikit-[]learn$[]\OT1/cmr/m/n/12 , (Aces-sado em 5
 []


Underfull \hbox (badness 10000) in paragraph at lines 293--296
\OT1/cmtt/m/n/12 com / trading-[]software / index . php / Walk _ Forward _ Optimization$[]\OT1/cmr/m/n/12 , (Aces-
 []

[85]
Underfull \hbox (badness 10000) in paragraph at lines 314--320
[]\OT1/cmr/m/n/12 PEREIRA, D. F. R., \OT1/cmr/m/it/12 Apren-di-zado de m^^Saquina e apren-di-
 []


Underfull \hbox (badness 10000) in paragraph at lines 314--320
\OT1/cmr/m/it/12 zado pro-fundo para apoio ^^Ra de-cis~ao no mer-cado fi-nan-ceiro\OT1/cmr/m/n/12 . Dis-
 []


Underfull \hbox (badness 10000) in paragraph at lines 314--320
\OT1/cmr/m/n/12 serta^^Xc~ao de gra-dua^^Xc~ao, Es-cola Po-lit^^Secnica - Uni-ver-si-dade Fe-
 []


Underfull \hbox (badness 10000) in paragraph at lines 314--320
\OT1/cmr/m/n/12 de-ral do Rio de Ja-neiro, https://monografias.poli.ufrj.br/rep-
 []


Underfull \hbox (badness 1112) in paragraph at lines 327--330
[]\OT1/cmr/m/n/12 GODFREY, M. D., GRAN-GER, C. W., MOR-GENS-TERN, O., ``THE
 []

[86] [87]
Underfull \hbox (badness 10000) in paragraph at lines 437--439
[]\OT1/cmr/m/n/12 NORI, P., ``Pro-ject Github Page'', []$\OT1/cmtt/m/n/12 "https : / / github . com / Nori12 /
 []


Underfull \hbox (badness 10000) in paragraph at lines 460--463
\OT1/cmtt/m/n/12 modules / generated / sklearn . ensemble . RandomForestClassifier . html$[]\OT1/cmr/m/n/12 ,
 []

[88]) [89]
\openout2 = `ApendiceA.aux'.

 (/Users/atcha/Github/Monografia/ApendiceA.tex
Ap\^endice A.

LaTeX Warning: `!h' float specifier changed to `!ht'.

[90


] [91]) [92]
Package atveryend Info: Empty hook `BeforeClearDocument' on input line 104.
Package atveryend Info: Empty hook `AfterLastShipout' on input line 104.
 (/Users/atcha/Github/Monografia/Principal.aux (/Users/atcha/Github/Monografia/Capa.aux) (/Users/atcha/Github/Monografia/Preambulo.aux) (/Users/atcha/Github/Monografia/cap1.aux) (/Users/atcha/Github/Monografia/cap2.aux) (/Users/atcha/Github/Monografia/cap3.aux) (/Users/atcha/Github/Monografia/cap4.aux) (/Users/atcha/Github/Monografia/cap5.aux) (/Users/atcha/Github/Monografia/ApendiceA.aux))
Package atveryend Info: Executing hook `AtVeryEndDocument' on input line 104.
Package atveryend Info: Executing hook `AtEndAfterFileList' on input line 104.
Package rerunfilecheck Info: File `Principal.out' has not changed.
(rerunfilecheck)             Checksum: 03BA3492E671A2C2AF04A5EF8378264D;4326.
Package atveryend Info: Empty hook `AtVeryVeryEnd' on input line 104.
 ) 
Here is how much of TeX's memory you used:
 34569 strings out of 480608
 771631 string characters out of 5903630
 1195492 words of memory out of 5000000
 49074 multiletter control sequences out of 15000+600000
 546090 words of font info for 75 fonts, out of 8000000 for 9000
 1141 hyphenation exceptions out of 8191
 66i,14n,98p,1192b,618s stack positions out of 5000i,500n,10000p,200000b,80000s
pdfTeX warning (dest): name{Hfootnote.19} has been referenced but does not exist, replaced by a fixed one

pdfTeX warning (dest): name{Hfootnote.18} has been referenced but does not exist, replaced by a fixed one

pdfTeX warning (dest): name{Hfootnote.17} has been referenced but does not exist, replaced by a fixed one

pdfTeX warning (dest): name{Hfootnote.16} has been referenced but does not exist, replaced by a fixed one

pdfTeX warning (dest): name{Hfootnote.15} has been referenced but does not exist, replaced by a fixed one

pdfTeX warning (dest): name{Hfootnote.14} has been referenced but does not exist, replaced by a fixed one

pdfTeX warning (dest): name{Hfootnote.13} has been referenced but does not exist, replaced by a fixed one

pdfTeX warning (dest): name{Hfootnote.12} has been referenced but does not exist, replaced by a fixed one

pdfTeX warning (dest): name{Hfootnote.11} has been referenced but does not exist, replaced by a fixed one

pdfTeX warning (dest): name{Hfootnote.10} has been referenced but does not exist, replaced by a fixed one

pdfTeX warning (dest): name{Hfootnote.9} has been referenced but does not exist, replaced by a fixed one

pdfTeX warning (dest): name{Hfootnote.8} has been referenced but does not exist, replaced by a fixed one

pdfTeX warning (dest): name{Hfootnote.7} has been referenced but does not exist, replaced by a fixed one

pdfTeX warning (dest): name{Hfootnote.6} has been referenced but does not exist, replaced by a fixed one

pdfTeX warning (dest): name{Hfootnote.5} has been referenced but does not exist, replaced by a fixed one

pdfTeX warning (dest): name{Hfootnote.4} has been referenced but does not exist, replaced by a fixed one

pdfTeX warning (dest): name{Hfootnote.3} has been referenced but does not exist, replaced by a fixed one

pdfTeX warning (dest): name{Hfootnote.2} has been referenced but does not exist, replaced by a fixed one

pdfTeX warning (dest): name{Hfootnote.1} has been referenced but does not exist, replaced by a fixed one

pdfTeX warning (dest): name{table.3.12} has been referenced but does not exist, replaced by a fixed one

pdfTeX warning (dest): name{table.3.1} has been referenced but does not exist, replaced by a fixed one

{/usr/local/texlive/2020/texmf-dist/fonts/enc/dvips/cm-super/cm-super-ts1.enc}</usr/local/texlive/2020/texmf-dist/fonts/type1/public/amsfonts/cm/cmbx10.pfb></usr/local/texlive/2020/texmf-dist/fonts/type1/public/amsfonts/cm/cmbx12.pfb></usr/local/texlive/2020/texmf-dist/fonts/type1/public/amsfonts/cm/cmbxti10.pfb></usr/local/texlive/2020/texmf-dist/fonts/type1/public/amsfonts/cm/cmex10.pfb></usr/local/texlive/2020/texmf-dist/fonts/type1/public/amsfonts/cm/cmmi10.pfb></usr/local/texlive/2020/texmf-dist/fonts/type1/public/amsfonts/cm/cmmi12.pfb></usr/local/texlive/2020/texmf-dist/fonts/type1/public/amsfonts/cm/cmmi6.pfb></usr/local/texlive/2020/texmf-dist/fonts/type1/public/amsfonts/cm/cmmi7.pfb></usr/local/texlive/2020/texmf-dist/fonts/type1/public/amsfonts/cm/cmmi8.pfb></usr/local/texlive/2020/texmf-dist/fonts/type1/public/amsfonts/cm/cmr10.pfb></usr/local/texlive/2020/texmf-dist/fonts/type1/public/amsfonts/cm/cmr12.pfb></usr/local/texlive/2020/texmf-dist/fonts/type1/public/amsfonts/cm/cmr6.pfb></usr/local/texlive/2020/texmf-dist/fonts/type1/public/amsfonts/cm/cmr7.pfb></usr/local/texlive/2020/texmf-dist/fonts/type1/public/amsfonts/cm/cmr8.pfb></usr/local/texlive/2020/texmf-dist/fonts/type1/public/amsfonts/cm/cmsy10.pfb></usr/local/texlive/2020/texmf-dist/fonts/type1/public/amsfonts/cm/cmsy7.pfb></usr/local/texlive/2020/texmf-dist/fonts/type1/public/amsfonts/cm/cmsy8.pfb></usr/local/texlive/2020/texmf-dist/fonts/type1/public/amsfonts/cm/cmti10.pfb></usr/local/texlive/2020/texmf-dist/fonts/type1/public/amsfonts/cm/cmti12.pfb></usr/local/texlive/2020/texmf-dist/fonts/type1/public/amsfonts/cm/cmtt12.pfb></usr/local/texlive/2020/texmf-dist/fonts/type1/public/cm-super/sfrm1095.pfb></usr/local/texlive/2020/texmf-dist/fonts/type1/public/cm-super/sfrm1200.pfb>
Output written on /Users/atcha/Github/Monografia/Principal.pdf (109 pages, 3115783 bytes).
PDF statistics:
 2037 PDF objects out of 2073 (max. 8388607)
 1786 compressed objects within 18 object streams
 629 named destinations out of 1000 (max. 500000)
 722 words of extra memory for PDF output out of 10000 (max. 10000000)

